Shoreburn Morwall Butterbush Orbarrow Clearland Morwald Redfox Brightrock Buttermead Rosebeech Summermage Irondeer Bluedale Goldwyvern Southwheat Verthedge Fieldedge Mallowness Foxvale Greenshore Silverwitch Westmill Dellwyn Janholt Marbleiron Valhaven Foxhaven Butterhill Strongfall Fairsage Redlake Courtwall Flowerfield Bushgate Westerlight Bluewyn Violetley Butterway Seamoor Fairice Northwynne Ironriver Newmill Rosemill Icenesse Wellmage Esterfall Flowermill Redwell Westvale Clearnesse Wildemarsh Courtcastle Lightmere Oakmere Shoreburn
53
Shoreburn Shoreburn
Morwall Morwall Violetfay
Butterbush Butterbush Coldville
Orbarrow Orbarrow
Clearland Clearland Deephedge
Morwald Morwald
Brightrock Stonefair Brightrock
Buttermead Buttermead Courtedge
Summermage Summermage
Irondeer Newby Freyview Irondeer
Bluedale Bluedale
Goldwyvern Eriwall Goldwyvern Snowsage
Southwheat Southwheat Highmont
Verthedge Oldmoor Verthedge
Fieldedge Brightmere Fieldedge
Mallowness Greyice Mallowness Wooddell
Foxvale Foxvale
Greenshore Snowshore Greenshore Bluedell Southpine
Silverwitch Silverwitch
Westmill Woodice Westmill
Dellwyn Dellwyn Mistshore Northriver
Janholt Janholt
Marbleiron Marbleiron
Valhaven Valhaven Starryhill Wellbank
Foxhaven Foxhaven
Butterhill Lochmage Butterhill Mallowway
Strongfall Strongfall
Fairsage Fairsage
Redlake Redlake Applecastle Bluelake
Courtwall Courtwall
Flowerfield Wolflea Flowerfield
Bushgate Corbank Bushgate
Westerlight Westerlight
Bluewyn Bluewyn
Violetley Violetley Springfox
Butterway Esterash Butterway Silverlea
Seamoor Seamoor
Fairice Ostwynne Freymere Fairice Windbridge
Northwynne Northwynne
Ironriver Ironriver Ironshore Mallowbridge
Newmill Stoneglass Newmill
Rosemill Rosemill
Icenesse Icenesse
Wellmage Wellmage
Esterfall Esterfall Rosegate
Flowermill Flowermill
Redwell Erilyn Newley Redwell
Westvale Westvale
Clearnesse Clearnesse Blackbush
Wildemarsh Wildemarsh Fogland
Courtcastle Courtcastle Eastcastle Silverbarrow
Lightmere Lightmere Goldcrest
Oakmere Oakmere Greensummer Orfort
