FacultyClub EarthquakeLibrary Morrison Sproul CITRIS ClarkKerrCampus Cal1CardOffice Mulford PhilosophyLibrary Cleary BancroftDance MathLibrary LawSchool ArtHistoryLibrary Unit3 BerkeleyWayWest NatrLaboratory DataLab Birge Classof54Gate Stephens EnergyBuilding Wellman SharedServices Blum FSM Durant Warren FoundersRock BioscienceLibrary Jacobs AnthropologyLibrary HearstFountain VLSB Senior EthnicLibrary Investigative InnovationStudio UpperHearstParking DonnerLaboratory PEERLibrary Davis SimpsonCenter HearstGreekTheatre StowPlaza UniversityHouse MartinezCommons PacificFilmArchive AndersenAuditorium Wheeler CareerCenter TheologicalLibrary Campbell 1914Fountain AquaticCenter MLK BancroftLibrary Minor BrainImagingCenter WooHonFai Barrows Manville TAAP Underhill University Pimentel LBNL HealthServices EastAsianLibrary FacultyClub
51
FacultyClub FacultyClub
EarthquakeLibrary EarthquakeLibrary
Morrison Morrison
Sproul Sproul BanwayBuilding
CITRIS Spieker CITRIS BerkeleyLawLibrary
Mulford Mulford Hildebrand
BancroftDance BancroftDance Giauque
MathLibrary Koshland MathLibrary
LawSchool MSRI LawSchool Boalt
ArtHistoryLibrary Durham ArtHistoryLibrary AlumniHouse McCone
Unit3 Unit3
BerkeleyWayWest BerkeleyWayWest LatinAmerican
Birge Birge
Stephens OBrien Stephens
EnergyBuilding EnergyBuilding IdaHouse
Wellman Wellman
Durant Durant
Warren Warren
FoundersRock SEAsianLibrary EngineeringLibrary FoundersRock
BioscienceLibrary BioscienceLibrary
Jacobs Jacobs OptometryLibrary
AnthropologyLibrary StudentUnion LawrenceofScience AnthropologyLibrary NewspapersLibrary
HearstFountain HearstFountain Stanley
VLSB VLSB
Senior Senior
EthnicLibrary EthnicLibrary
Investigative Investigative MelvinLaboratory
UpperHearstParking MediaCenter UpperHearstParking
DonnerLaboratory Hilgard DonnerLaboratory
Davis InternationalHouse Davis FoxCottage
SimpsonCenter SimpsonCenter MaxwellField Latimer
HearstGreekTheatre HearstGreekTheatre
StowPlaza StowPlaza
UniversityHouse UniversityHouse CesarChavez
MartinezCommons MartinezCommons
PacificFilmArchive PacificFilmArchive Cheit
AndersenAuditorium AndersenAuditorium VisualCenter
Wheeler Wheeler
CareerCenter CareerCenter Soda
Campbell IRLE SpringerGateway Campbell LeConte
AquaticCenter AquaticCenter HearstFieldAnnex Bowles Bechtel
MLK MLK
BancroftLibrary SutardjaDai Library FPF BancroftLibrary
BrainImagingCenter BrainImagingCenter SocialLibrary
WooHonFai WooHonFai
Manville Manville
TAAP TAAP
Underhill Etcheverry SproulPlaza EarthLibrary Underhill
Pimentel Pimentel HearstGym NorthGate
HealthServices HealthServices
EastAsianLibrary PhysicsLibrary Evans EastAsianLibrary
