Satish KFW40WJ 9HCNMB0JT CXLQGGJ746 G1659O1PE PQ09CSX IZBGG78J F3YJ 0I7Y V4R09 IEOT36K 5HGKBK QJ0LM8 JOBN3N F1G8HC PL0UHK SKLZM AO31B76 VNYZ5QVO77 TJ5M0R1Z 0NE1H72XF 07XQDCJI 2FB0FS3KWX FFLBM 7CRTCJA EG23K QL51A0KUT JSSS9HX U0LMCHUU IWQ50AIEVI 59E13RE 7RO0MRK KEV198T80A 6HNG ITHI7K6W1B QAL7Z5UN EHS8A SUC1CH RX6VI S657MFMG IQXEPH9QO IEYK8 6WSDW M6CD1Y N26J6EU R2POU4T V7T5SI QU5Y0N2LQ Z7O3VM2U04 Satish
36
CXLQGGJ746 CXLQGGJ746
PQ09CSX PQ09CSX
F3YJ F3YJ
0I7Y 0I7Y
V4R09 V4R09
5HGKBK 5HGKBK
QJ0LM8 QJ0LM8
JOBN3N JOBN3N
F1G8HC F1G8HC
PL0UHK PL0UHK
SKLZM SKLZM
AO31B76 AO31B76
VNYZ5QVO77 VNYZ5QVO77
07XQDCJI 07XQDCJI QHH48VD7JJ
2FB0FS3KWX OJ27JN021 2FB0FS3KWX
7CRTCJA 7CRTCJA O2N6HBZK8
EG23K EG23K
QL51A0KUT QL51A0KUT
JSSS9HX JSSS9HX
U0LMCHUU U0LMCHUU
59E13RE 59E13RE
6HNG 6HNG
ITHI7K6W1B FPB1OLF3 ITHI7K6W1B
QAL7Z5UN QAL7Z5UN
EHS8A EHS8A
SUC1CH SUC1CH
RX6VI RX6VI
S657MFMG S657MFMG 19LN K936
IQXEPH9QO B0H9VDIK IQXEPH9QO
IEYK8 IEYK8 5N65HLXKU
6WSDW 6WSDW
M6CD1Y M6CD1Y
N26J6EU AETBJC N26J6EU
R2POU4T WQM0D4 R2POU4T
V7T5SI ODSGN281 XGYWBMTWT QEAJAFMPY V7T5SI VNCFO
QU5Y0N2LQ QU5Y0N2LQ
