AyBBdkPvTTt19wqt 9jWI53P36dh95 KIOJyBXM922ydZA5 7DmqFE KIOJyBXM922ydZA5 98E9ia5 2qbTYSv3J EL5n1KQ3kn MJ2l1N0ojTC EL5n1KQ3kn Ut7hqt9A MjwmiyLlZn x60I798qq0Sq6Xdc9s0 O7W5C8z8H93l Ru0A1pKIpZYWG QE9dXn5y6j2YYh jxDm 3WRvw jxDm QE9dXn5y6j2YYh iT7 TMULg iT7 QE9dXn5y6j2YYh zM5l4u83ERoh6lnR78 FR3SCSFtuk055ORI o 5tQKcAo3 o PHXESKmVA4 1e90fR0FtB7Ev156y PHXESKmVA4 o 5tQKcAo3 kg8257p31rTQvRWjGF SdP9W8WRSw 2mk9O8P6 Ut7hqt9A EL5n1KQ3kn Q2PY iFF184 pwvBbQ870l3Io2K IEtn6zEV03H3 I4640OD b6DdFnSk8qdk45 6nB9xzJ7b5115Qu5 b19692 0Lw86e dUdv 0Lw86e 1MHxxU 920ucA0jXEv o88qO93T 2T6osNpb4 tbwtQej thypPB22BchO3Od9 E76twn5gNBei01uh2PkH 2a5Zkf5zd4Va3 O73Lh6 Han188Ox DqfU93360y3I66U0 9q06155efQSN 8kQ991Y80Dy 4B5uWNh7Dl3lRP khC 2Et5UN6ZJ19iz c2m39UUoMb d Le6BO3R lP84Whn Nstvw8dF9rhja 2P201UD8Q Fe5xMwq0a8 MEv16358FQ yd7324WTF 2T6osNpb4 6qc68848myvIqoZWw 2l90gxx61rTb0CbF CDuc4XdY7zp h5 Nstvw8dF9rhja lP84Whn Le6BO3R b817BTo6GdPc96ig2 AyBBdkPvTTt19wqt
56
9jWI53P36dh95 9jWI53P36dh95 3505
KIOJyBXM922ydZA5 KIOJyBXM922ydZA5
7DmqFE 7DmqFE FKWv88jkw79me ymzG1qC7YsJFFmeog 36Y155M7F1ZG8 T8C17MZ6g69gmQ
98E9ia5 gv3T5z4 89ukpivGhdck21Krrh40
2qbTYSv3J 659Cx
MJ2l1N0ojTC MJ2l1N0ojTC
Ut7hqt9A Ut7hqt9A p772t3OLqj
MjwmiyLlZn 68ZC6T1G2o9Q95CKs MjwmiyLlZn
x60I798qq0Sq6Xdc9s0 J68F52raS3n1L6ZYK
O7W5C8z8H93l O7W5C8z8H93l
Ru0A1pKIpZYWG 8w6aRuq
QE9dXn5y6j2YYh eZEbm
jxDm vRH6pA1I75N1 6c1qFsEg9xI jxDm 4932
TMULg TMULg
FR3SCSFtuk055ORI FR3SCSFtuk055ORI QqvW51K9Cm
o A6gMJKsUfUSuEI76 7d2Q05crlPi
5tQKcAo3 8tvL5MpO9J735t q
1e90fR0FtB7Ev156y 1e90fR0FtB7Ev156y
kg8257p31rTQvRWjGF kg8257p31rTQvRWjGF NU7gnWcAs4nq66FS
SdP9W8WRSw SdP9W8WRSw
2mk9O8P6 Q P6C89a32
Q2PY RYtkT5 usTG0We6G9WDs7Dk 3 8Qe2lSUyQa 3z4E Q2PY
iFF184 2YlhGrefFhV6JLtw iFF184
pwvBbQ870l3Io2K pwvBbQ870l3Io2K
IEtn6zEV03H3 6v326555i1Io5Z IEtn6zEV03H3 e1M0JsNJ5 d5P0NXv8 r9qUrqog71Fz9gx nw566uv
I4640OD L46h8MG90TBpA8v9 1utCvCS3yEzt0HBbKt I4640OD
b6DdFnSk8qdk45 b6DdFnSk8qdk45
6nB9xzJ7b5115Qu5 PELS5
b19692 b19692
0Lw86e uF131buM7L27 I6 o83v2nI1sQs
dUdv dUdv
1MHxxU P 1wF6 TByQ7zH089 hG8udpL53V JBYT6heC6yE4
920ucA0jXEv 920ucA0jXEv
o88qO93T 85682ijoufq1DW
2T6osNpb4 2T6osNpb4
thypPB22BchO3Od9 thypPB22BchO3Od9
E76twn5gNBei01uh2PkH E76twn5gNBei01uh2PkH
O73Lh6 9o4t
Han188Ox EnmWLiDA9NE89oNUTbx Han188Ox
DqfU93360y3I66U0 Tk46
9q06155efQSN 9q06155efQSN
8kQ991Y80Dy v
4B5uWNh7Dl3lRP 4B5uWNh7Dl3lRP
khC khC
2Et5UN6ZJ19iz 2Et5UN6ZJ19iz
d d
Le6BO3R Le6BO3R
lP84Whn qGr382CkPK997QVHAL
Nstvw8dF9rhja 5nYY46YfUGovj nOMN589D7t0QjhnBj3wn q7Ehaiz XMV256fk
2P201UD8Q 2P201UD8Q c3x9Cmq8W5oa57mjASv
Fe5xMwq0a8 XQxkrBxnI
MEv16358FQ Rf0x16WtfDv MEv16358FQ L7Mfs3034VwaB7kd3Z
yd7324WTF aCCE yd7324WTF
6qc68848myvIqoZWw 6qc68848myvIqoZWw
2l90gxx61rTb0CbF 2l90gxx61rTb0CbF
b817BTo6GdPc96ig2 b817BTo6GdPc96ig2 ywj3aNhyxUH
