loc0 loc58 loc192 loc60 loc37 loc46 loc49 loc52 loc106 loc160 loc53 loc78 loc43 loc198 loc77 loc129 loc15 loc129 loc162 loc107 loc170 loc147 loc170 loc168 loc93 loc168 loc113 loc20 loc165 loc164 loc165 loc155 loc126 loc156 loc64 loc25 loc138 loc32 loc9 loc41 loc94 loc197 loc83 loc108 loc177 loc109 loc189 loc32 loc138 loc25 loc0
37
loc0 loc167
loc58 loc36 loc69 loc130 loc185 loc196
loc192 loc97 loc192
loc60 loc105
loc37 loc37 loc75 loc89
loc46 loc46 loc144
loc49 loc49
loc52 loc52
loc106 loc84 loc106
loc160 loc45 loc160
loc53 loc54 loc122
loc78 loc78 loc82
loc198 loc100 loc112 loc131 loc157 loc172 loc182 loc198
loc77 loc96 loc134
loc129 loc129
loc15 loc15
loc162 loc162
loc107 loc28 loc187
loc170 loc17
loc147 loc57 loc147
loc168 loc11 loc27 loc31 loc66 loc67 loc92 loc168
loc93 loc93
loc113 loc113
loc20 loc20
loc165 loc165
loc164 loc164 loc184
loc156 loc156
loc64 loc39 loc191
loc25 loc8 loc25 loc120 loc183 loc188
loc138 loc42 loc118 loc138
loc32 loc10 loc14 loc32
loc41 loc41 loc47 loc85 loc119 loc179
loc94 loc116
loc197 loc150 loc197
loc83 loc83 loc186
loc177 loc177
loc109 loc109
