Soda loc16 loc94 loc15 loc72 loc64 loc8 loc31 loc8 loc17 loc83 loc91 loc68 loc91 loc83 loc64 loc57 loc21 loc50 loc33 loc67 loc26 loc67 loc90 loc45 loc49 loc45 loc66 loc97 loc66 loc45 loc90 loc67 loc26 loc43 loc22 loc74 loc1 loc84 loc85 loc40 loc44 loc89 loc44 loc6 loc56 loc79 loc63 loc23 loc63 loc86 loc96 loc53 loc29 loc55 loc29 loc95 loc28 loc95 loc29 loc53 loc92 loc12 loc63 loc3 Soda
33
loc72 loc72
loc8 loc8
loc31 loc31 loc41
loc17 loc17
loc83 loc83
loc91 loc91
loc68 loc38 loc68
loc57 loc57
loc21 loc21
loc50 loc18
loc33 loc33 loc71
loc67 loc67
loc26 loc19 loc26
loc90 loc90
loc45 loc32 loc45 loc48 loc81 loc93
loc49 loc20 loc49 loc73
loc66 loc36 loc66
loc97 loc97
loc43 loc43
loc40 loc39 loc40
loc44 loc44
loc89 loc89
loc79 loc79
loc23 loc23 loc30 loc61
loc86 loc10 loc86 loc99
loc96 loc96
loc53 loc53
loc29 loc29
loc55 loc13 loc55
loc95 loc95
loc28 loc28
loc92 loc92
loc12 loc12
