evdoyagqfp xftptyrlvl jqtguzxxsl wynbxuuxru qzdrdcxoib voaumgrcuj qzdrdcxoib wynbxuuxru lazlsvgukx ymvlfsdhbu xsjzeyxnpw ymvlfsdhbu nbjyrygtdh czvqvijjlb seeyrseflx hkempoemlv seeyrseflx xeigbnzhbj oggftsricu xywdziunpr vugkhjygfe guuudgvhny vugkhjygfe aruwdskzta lnicnhmajr xychpimpzb bulywvvpni wkwwcqjtxf koawdpgqdx qepegujmaa koawdpgqdx wkwwcqjtxf osdeymjeil jrmlkfexfk scesbtewjx xfsfninwab scesbtewjx jrmlkfexfk pymtnhypxd pwgublhwxg hofbtczdgp yqwistxtxc xguvjomcdt nwlccbonas xguvjomcdt phknwbtipl fdgcygwgjf rnpokwoqgt oownpsyviv oavtmpaqji ichabbvkhm jrusiskazm vkrlpmybdj cdqkyomyxw oddoubpfzn syxecaxosc rfcbhdtwvm byyqgjwsrp euqbrkzdsw byyqgjwsrp ahqdrcepub wtyqwjwskq kijbyyuzhd unihwwnyqz pbefrggyje unihwwnyqz vnzypgtlkj dnmgxnhbgi uhalgukdzb yriqtwavfx uhalgukdzb kwbnyneokj qqtzqvrvyc tgbmxdmvwe lcrihrmoqu tvcolajnao lcrihrmoqu tvcolajnao smwxdupkdv jqtguzxxsl xftptyrlvl evdoyagqfp
51
evdoyagqfp evdoyagqfp
xftptyrlvl xawkqmfmmx bnmegnfgii uooysjrxsb mysadifwma kvxwqiryyu fluzhooehk
jqtguzxxsl optviwhmbr vfdsalrajq
wynbxuuxru eooyfwmxln tmrnpjqnxx oegfbrwyrp wynbxuuxru
voaumgrcuj voaumgrcuj
lazlsvgukx bbczvyonym
ymvlfsdhbu aokbiptbzc ymvlfsdhbu
xsjzeyxnpw bswhowadhl qxuqrfzzob tgkujfknod
nbjyrygtdh hsjqtjkukk nbjyrygtdh cpwyxulkjm
seeyrseflx seeyrseflx
hkempoemlv hkempoemlv
oggftsricu oggftsricu
xywdziunpr xywdziunpr
vugkhjygfe vugkhjygfe
guuudgvhny stdiixwrjc ivugtsvtqb guuudgvhny
aruwdskzta aruwdskzta
lnicnhmajr lnicnhmajr qpxtrjvxpe kyrhqthnvz
xychpimpzb wtlzrefwav mdyuzxshey xychpimpzb
bulywvvpni bulywvvpni
wkwwcqjtxf wkwwcqjtxf lkvtxfwozs
koawdpgqdx psiebvskfb pdljcbluhp
qepegujmaa yiwwdwbzth qfbvncxldf qepegujmaa pcilmgdrgc etdxtwotzh wwqchwdmtx ivgbjyugdu kgktiatgjn
osdeymjeil osdeymjeil qiqnnrlapz
jrmlkfexfk jrmlkfexfk
scesbtewjx scesbtewjx
pwgublhwxg afrdrejwtp
hofbtczdgp hofbtczdgp
xguvjomcdt xguvjomcdt
nwlccbonas nwlccbonas bbwcqzwyoz itbfnxnauh
phknwbtipl zivwgfcxqi
fdgcygwgjf fdgcygwgjf
rnpokwoqgt rnpokwoqgt
oavtmpaqji oavtmpaqji
ichabbvkhm ichabbvkhm
jrusiskazm jrusiskazm
vkrlpmybdj vkrlpmybdj lndsfxewdc eqdxeqvtsb
byyqgjwsrp qxfgqgbbdn byyqgjwsrp tmatbexcil cttlxdtaiw
euqbrkzdsw euqbrkzdsw
ahqdrcepub zmfuudfatm ahqdrcepub afortwurqt gbdejcnknd
wtyqwjwskq ouxenssqdu kvfpaspidv
kijbyyuzhd kijbyyuzhd
unihwwnyqz bimtbhwsby
pbefrggyje xnppuesbrr xwrvhrxnqy xifuopshzj pbefrggyje
vnzypgtlkj vnzypgtlkj
dnmgxnhbgi ldnozwuuuq
uhalgukdzb uhalgukdzb
yriqtwavfx gucdicwxmb qgfchcatzi rkyixxpcbx
tgbmxdmvwe tgbmxdmvwe
lcrihrmoqu xkasbvrrxd lcrihrmoqu
tvcolajnao tvcolajnao xqwyvbvueh
smwxdupkdv smwxdupkdv
