0 28 38 71 22 41 47 94 127 94 78 187 78 63 60 108 60 31 118 31 44 105 44 26 158 26 21 142 21 53 176 53 49 196 49 87 149 87 39 107 39 45 175 45 90 182 90 84 46 170 46 11 181 11 5 116 5 0
35
0 102 103 134 135 138 139 155 156 157 191 192 193
28 114 115 197 198 199
38 120 121 146 147 148
41 112 113 122 123
47 136 137 152 153 154 164 165 166 188 189 190
94 124 125
127 126 127
78 185
187 186 187
63 110 111
60 128 129
108 108 109
118 118 119
105 104 105
26 160
158 158 159
21 140
142 141 142
53 178
176 176 177
49 194
196 195 196
87 151
149 149 150
107 106 107
45 173
175 174 175
90 184
182 182 183
84 132 133 143 144 145 161 162 163
46 100 101 172
170 170 171
11 130 131 167 168 169 179
181 180 181
116 116 117
