loc0 loc148 loc40 loc122 loc95 loc122 loc50 loc122 loc176 loc59 loc158 loc86 loc188 loc23 loc125 loc161 loc17 loc179 loc89 loc179 loc107 loc26 loc169 loc187 loc88 loc115 loc166 loc13 loc157 loc4 loc129 loc75 loc138 loc66 loc183 loc30 loc123 loc33 loc114 loc159 loc177 loc96 loc105 loc42 loc133 loc52 loc160 loc115 loc166 loc13 loc157 loc22 loc111 loc1 loc153 loc45 loc172 loc82 loc172 loc45 loc180 loc99 loc135 loc81 loc171 loc126 loc63 loc117 loc27 loc189 loc57 loc189 loc72 loc163 loc10 loc109 loc46 loc109 loc19 loc109 loc73 loc136 loc73 loc146 loc65 loc164 loc2 loc164 loc29 loc113 loc77 loc185 loc32 loc131 loc83 loc155 loc173 loc128 loc74 loc110 loc74 loc128 loc173 loc38 loc112 loc31 loc121 loc0
71
loc148 loc58 loc76 loc94
loc40 loc40
loc95 loc95
loc50 loc50
loc176 loc68
loc59 loc59
loc86 loc86
loc188 loc62
loc23 loc23
loc161 loc44 loc80 loc98
loc17 loc17
loc89 loc89
loc107 loc8 loc35 loc53 loc71
loc26 loc26
loc169 loc7
loc187 loc34 loc61 loc70
loc88 loc88
loc115 loc25 loc43 loc79
loc13 loc13
loc157 loc12 loc21 loc49 loc67 loc85
loc4 loc4
loc75 loc75
loc66 loc66 loc84
loc183 loc3 loc6
loc30 loc30
loc123 loc87 loc93
loc33 loc33
loc177 loc15 loc24 loc51
loc96 loc60 loc96
loc105 loc69
loc42 loc42
loc133 loc78
loc52 loc52
loc160 loc16 loc97
loc22 loc22
loc1 loc1
loc153 loc90
loc45 loc45
loc172 loc55
loc82 loc82
loc180 loc39 loc54
loc99 loc99
loc135 loc18 loc36
loc81 loc81
loc171 loc9
loc63 loc63
loc27 loc27
loc189 loc48
loc57 loc57
loc72 loc72
loc163 loc91
loc10 loc10
loc109 loc64
loc46 loc46
loc19 loc19
loc73 loc73
loc136 loc28 loc37 loc100
loc146 loc20
loc65 loc65
loc2 loc2
loc29 loc29
loc113 loc5 loc41
loc77 loc77
loc185 loc14
loc32 loc32
loc131 loc56
loc83 loc83
loc74 loc74
loc110 loc11 loc47 loc92
loc38 loc38
loc31 loc31
