destitute spill brook Elizabethan Halstead embassy Dominican Bleeker Dominican bobble mediate Fisk radioactive stanza Injun illusion amateur slowdown schedule slowdown Curtis trill choice shroud septillion Isfahan diligent Hewlett swordfish Hewlett swordtail bowman Darwin Modesto Auberge jewel Hindi Loomis destitute
30
Elizabethan Elizabethan
Halstead Andersen Halstead
embassy embassy
Dominican Dominican Gilmore
Bleeker Bleeker funny minion
bobble McCall bobble
mediate extractor mediate midget
Fisk Fisk
stanza stanza
Injun Injun
illusion illusion
amateur amateur
slowdown slowdown
schedule connubial schedule
Curtis anvil
trill fatten trill yogurt
choice choice
shroud shroud
septillion creekside papal septillion transpiration
Isfahan Isfahan MN
diligent diligent swingy tate
Hewlett Hewlett decor
swordfish swordfish
bowman balustrade
Darwin Darwin ripe
Modesto Modesto
Auberge Auberge Vega
jewel jewel
Hindi Hindi
Loomis Loomis Rio
