Loc35 Loc95 Loc37 Loc58 Loc51 Loc81 Loc62 Loc80 Loc40 Loc22 Loc73 Loc0 Loc74 Loc4 Loc84 Loc46 Loc77 Loc67 Loc13 Loc67 Loc97 Loc23 Loc44 Loc70 Loc75 Loc33 Loc19 Loc28 Loc11 Loc39 Loc65 Loc48 Loc52 Loc66 Loc63 Loc87 Loc93 Loc43 Loc79 Loc90 Loc20 Loc15 Loc64 Loc41 Loc35
35
Loc95 Loc54 Loc95
Loc37 Loc37
Loc58 Loc58
Loc51 Loc34 Loc51
Loc81 Loc81
Loc62 Loc62
Loc80 Loc80
Loc22 Loc22
Loc73 Loc24 Loc25 Loc73
Loc0 Loc0
Loc74 Loc74 Loc86
Loc4 Loc4 Loc78 Loc89 Loc92
Loc84 Loc84
Loc46 Loc7 Loc31 Loc46
Loc77 Loc77
Loc67 Loc67
Loc13 Loc13
Loc97 Loc97
Loc23 Loc23
Loc44 Loc1 Loc44
Loc70 Loc70
Loc33 Loc33
Loc28 Loc28
Loc39 Loc39
Loc65 Loc65
Loc48 Loc48
Loc52 Loc52 Loc71
Loc66 Loc14 Loc66
Loc63 Loc63
Loc93 Loc10 Loc93
Loc79 Loc79
Loc90 Loc90
Loc15 Loc15 Loc47
Loc64 Loc64
Loc41 Loc41
