htb26qt b8apl2kn gd5ct4 ht1efrhmh 5xz8hm5sa3 7hz6j8 yr44oj2 mucolb1r hc2hf5t8 w7iil vqthskq qypz5m og6n7bgq8h yhp7wbv9 6evi4pv zou7sx9w pt2n7hl wqkqf l8yypbh 1jhmm8m85 ushjdkdhm9 ozag34bm9 9lvbrlgk kwtb3cg kxhc6t8tu sdmvxrmgbm aplkk57cpzm q42s9z886w5 812l47wm 4ka6l1c8w zhyb5y obabms p5ujl2azex 1161ildqnj pwqxinlzb3s lnnsb9 htb26qt
31
b8apl2kn grn3uqx9y tjwldi
gd5ct4 itrx5fucdq t4iedm gd5ct4
ht1efrhmh 8gc7dka8lfy ht1efrhmh
5xz8hm5sa3 6k7du art44ncra ysiw8m4l
7hz6j8 7hz6j8 zjh83ae uzsjpl5f5
yr44oj2 7pbkkbbpw i6lsw66h x73l73jp yr44oj2 37v6d dlkmpx
mucolb1r mucolb1r ay5sahonq84 f92ere3
hc2hf5t8 tu8xxomxhi dt4ljfgjkizpq hc2hf5t8 nm7ud
w7iil h1gz5hzz 8jea4n4ez g2g6fxcwr2l
vqthskq txlltgki y3eg7gqq6 9oii82xaa s9vu9xx884 4w6uhigzl ilaz9q a5u8g4sej iffsi
og6n7bgq8h og6n7bgq8h 59yzvtv p9mtts
yhp7wbv9 yhp7wbv9
6evi4pv yx6dguko
zou7sx9w vl6czuab zou7sx9w 5stwoup nd9xavj pmyqr
pt2n7hl yg6hizqty pt2n7hl ic2r4blmm9 hyc885fvjls hq5mh8mi yhvc7zg euhqqqmdpe e7lxs
wqkqf wqkqf
l8yypbh l8yypbh
1jhmm8m85 1jhmm8m85
ushjdkdhm9 ushjdkdhm9 6u4sf1gi
ozag34bm9 ozag34bm9 1ca2x2cnc
9lvbrlgk k3qywmpr 9lvbrlgk 52a3fj2zh
kwtb3cg 9egqgrh7x4e kwtb3cg
kxhc6t8tu kxhc6t8tu 8m3pascg
aplkk57cpzm aplkk57cpzm
q42s9z886w5 q42s9z886w5
812l47wm 812l47wm
4ka6l1c8w 4ka6l1c8w
zhyb5y fej54ps5j 3khitn6
obabms obabms vrem3ey3kg44
1161ildqnj ynuam4f8 1161ildqnj piawzpgtzz9
pwqxinlzb3s hwu8dv9jgknbm pwqxinlzb3s 87jxa mw8g2qjo1
