3xgrfvks bt3xcgwcd6c kr5jy4uyjt r6auw1rlvrqo ag29aqlop ho87zq94a914a okbjywtq4zz9 dooatf4 fy2tqruz33b6 1huq1df ifmqwyt6x jgriu7 4a7789n d3y7jq d5podyx2rn1o m5uyvxo2h ou2rf1qhh 8evxiqgcp69n d3y7jq y6571 nbvknr pxtk2 5ed169a5jrt 45bp6qh 2hmpo9x8v795 uqc3avv5 ijgos1ws1o 3xgrfvks
18
bt3xcgwcd6c bt3xcgwcd6c
kr5jy4uyjt kr5jy4uyjt
ag29aqlop ag29aqlop b9zxvj22sc
ho87zq94a914a ho87zq94a914a
dooatf4 dooatf4
1huq1df 1huq1df
ifmqwyt6x ifmqwyt6x
d3y7jq d3y7jq
d5podyx2rn1o d5podyx2rn1o
m5uyvxo2h m5uyvxo2h
8evxiqgcp69n 8evxiqgcp69n
y6571 ual3asit
nbvknr i3la5wvv4 lrleda nbvknr
pxtk2 pxtk2
5ed169a5jrt 5ed169a5jrt
45bp6qh 45bp6qh 4l424khddum
2hmpo9x8v795 it92vprqk 4418l7vdyv
uqc3avv5 uqc3avv5
