index155 index193 index44 index14 index67 index164 index17 index61 index125 index141 index139 index22 index133 index29 index39 index6 index63 index102 index108 index109 index167 index158 index11 index88 index152 index114 index18 index10 index75 index117 index148 index115 index130 index26 index104 index170 index81 index25 index196 index24 index69 index47 index110 index3 index143 index162 index4 index44 index66 index181 index32 index112 index171 index176 index85 index131 index116 index129 index156 index56 index155
55
index155 index155
index193 index124 index144
index44 index44
index14 index14 index142
index67 index67
index164 index164
index17 index17
index61 index150
index125 index97 index125
index141 index128 index141
index139 index87
index22 index22 index52 index86 index198
index133 index107 index133
index39 index39 index157
index6 index6
index63 index63
index102 index21 index172
index108 index108
index109 index23 index109
index167 index49 index167
index158 index92 index158 index159
index11 index11 index90 index118
index88 index88
index152 index152
index114 index114
index18 index18 index57 index83 index121 index169
index10 index10 index95
index75 index40 index42 index50 index134 index186
index117 index31 index89
index148 index60
index115 index115
index130 index96 index130
index26 index26 index58
index170 index170
index81 index81 index137
index25 index25
index196 index37 index62 index196
index24 index24 index174
index69 index69 index165
index47 index47
index110 index110
index3 index3 index27 index113
index143 index143
index162 index30
index4 index4 index126
index66 index66
index32 index5 index32 index199
index112 index112
index176 index9
index85 index15 index190
index131 index20 index99 index131
index116 index19 index116
index129 index129
index156 index100 index156
index56 index55 index56 index106
