M2S9flVUcYP2sJdh8LXf H59EihDjhfpS7ToXFM3L M7SD6FC2BzrEV1z9ajVv C1CVSQIxudgISqBvCOoA sH3pvLOfMUrEGUrmsHCu tuE7UekaxGUib4idWtYa 93aDiM8K0XhtiVcCVKi2 X9TJsvmT50zYeG0q6XSG Bc6dudheE3WGLxP0iDdK X9TJsvmT50zYeG0q6XSG 93aDiM8K0XhtiVcCVKi2 vodEvdIApqt0N3TZsbxN MtQDjkLToWj4d53MMhKG nbZglhhmYQAPQz4eETaj Pqf0Sn4UvsBLaxz7WO4n T05cb1iVZnpGK4zO8JN8 dKH5OdpmJKCU83bbXVxZ S8uMGvUglWyhnfV5Wzdp EtrZREkmL456viQQJ9Rb pNXWB5geApaSjbsCCT4J Dt5YfbjQq6VoKnyw6Zav m1IYiQsUBuvvpTv7yWXO nhEaUTk3tk8p91oyWRpp 4bQwji0D4wyEDLd54MWv 8KfYYXeMqM0D4nShLOzi v0QJIKD4q7sFXrzFSb6J sZojFweTE55bBWYz0Tda jgcWqrcniA4q9WNs9xkc Yj14cJHLteGLwnT0JCVo k7k4sHxeh1pR4sOjcVuj Dc1wEVV3kuOZotG6pNlL Jjat3uJ5XboI9kZe0522 W4IxjYZtRN88GGSV9Uoc PbYOO88SokShsv7XrgBm Z8MZ2JfftjeVVnGFSOQe PbYOO88SokShsv7XrgBm NMTjl1jsvrb7y2ggdCSc L8bxdxuDa5issn2PiN3u yZPIHwySFuIdRJCMzjnz wMERbIWoRIf6BT6nQKYQ uy6RcQAYd3ATM1Icq3my LxEzX08MG9T8knIYbul0 uy6RcQAYd3ATM1Icq3my ECCnzlgsMEvTYjNwAlfM 5gumrx48u1yPpF6ivPOI vxiwkV1b5fV2sGCBFsRQ zdtRVpQ9lVyEhNj9Evpp dOKaHsIcDX32wPXAX2Gt yHMPX8vHctuUweyLluyz sGymQi0ZOpCowisPJkWe C1CVSQIxudgISqBvCOoA 2qerVVbMKjJpuQmQ9aqr sHkjJnMiMEPb4htMPUMQ 5jhNGHh0Et1Lidy4vCpq Z0DuoZMcx6oyDPWFznMK M2S9flVUcYP2sJdh8LXf
39
M2S9flVUcYP2sJdh8LXf M2S9flVUcYP2sJdh8LXf
H59EihDjhfpS7ToXFM3L H59EihDjhfpS7ToXFM3L
sH3pvLOfMUrEGUrmsHCu sH3pvLOfMUrEGUrmsHCu
tuE7UekaxGUib4idWtYa PZrpdQAa8H8tkrajh08J
93aDiM8K0XhtiVcCVKi2 93aDiM8K0XhtiVcCVKi2
Bc6dudheE3WGLxP0iDdK Bc6dudheE3WGLxP0iDdK
vodEvdIApqt0N3TZsbxN cdaizmjQrCe5Vnwy3JQF vodEvdIApqt0N3TZsbxN
nbZglhhmYQAPQz4eETaj nbZglhhmYQAPQz4eETaj
Pqf0Sn4UvsBLaxz7WO4n Pqf0Sn4UvsBLaxz7WO4n 48nWZMVqWDxfH9uMf2U3
dKH5OdpmJKCU83bbXVxZ Kfu1pc3YPMGebW7Iu8ex 0uvEfLgT4s8ImTk9VWBt dKH5OdpmJKCU83bbXVxZ
S8uMGvUglWyhnfV5Wzdp S8uMGvUglWyhnfV5Wzdp
EtrZREkmL456viQQJ9Rb EtrZREkmL456viQQJ9Rb
pNXWB5geApaSjbsCCT4J pNXWB5geApaSjbsCCT4J
Dt5YfbjQq6VoKnyw6Zav Dt5YfbjQq6VoKnyw6Zav
m1IYiQsUBuvvpTv7yWXO m1IYiQsUBuvvpTv7yWXO
4bQwji0D4wyEDLd54MWv 9GrchmlNCDIapQ9OnEYh 4bQwji0D4wyEDLd54MWv
8KfYYXeMqM0D4nShLOzi 8KfYYXeMqM0D4nShLOzi tUowOUG1V7iCXBCMR0AT
v0QJIKD4q7sFXrzFSb6J v0QJIKD4q7sFXrzFSb6J
sZojFweTE55bBWYz0Tda zD7ErBenXxsG4D9b5TEV 9Jr76N4fnNot7SNYqBKG
jgcWqrcniA4q9WNs9xkc jgcWqrcniA4q9WNs9xkc
Yj14cJHLteGLwnT0JCVo oWxP87H6AXwFzF0dpB9d
k7k4sHxeh1pR4sOjcVuj k7k4sHxeh1pR4sOjcVuj
Dc1wEVV3kuOZotG6pNlL LNMZej67uy0Whvqp5OR1 fmFrd4vggNac5TkiFJAd
Jjat3uJ5XboI9kZe0522 Jjat3uJ5XboI9kZe0522
W4IxjYZtRN88GGSV9Uoc W4IxjYZtRN88GGSV9Uoc
Z8MZ2JfftjeVVnGFSOQe Z8MZ2JfftjeVVnGFSOQe
NMTjl1jsvrb7y2ggdCSc XmlH4l2BXG35TF70bZqZ NMTjl1jsvrb7y2ggdCSc
L8bxdxuDa5issn2PiN3u L8bxdxuDa5issn2PiN3u
yZPIHwySFuIdRJCMzjnz yZPIHwySFuIdRJCMzjnz
uy6RcQAYd3ATM1Icq3my uy6RcQAYd3ATM1Icq3my
LxEzX08MG9T8knIYbul0 LxEzX08MG9T8knIYbul0
ECCnzlgsMEvTYjNwAlfM Eu0wGcDBBrgvePzHfqrS ECCnzlgsMEvTYjNwAlfM
5gumrx48u1yPpF6ivPOI 5gumrx48u1yPpF6ivPOI
vxiwkV1b5fV2sGCBFsRQ gZVNRDm5p6aX5QEEX8UG vxiwkV1b5fV2sGCBFsRQ
zdtRVpQ9lVyEhNj9Evpp zdtRVpQ9lVyEhNj9Evpp
dOKaHsIcDX32wPXAX2Gt dOKaHsIcDX32wPXAX2Gt
yHMPX8vHctuUweyLluyz yHMPX8vHctuUweyLluyz
5jhNGHh0Et1Lidy4vCpq tVhIJJgs0kEFaQx1hdWm
Z0DuoZMcx6oyDPWFznMK Z0DuoZMcx6oyDPWFznMK
