Jacksonville Atlanta Fresno Atlanta Jacksonville Milwaukee Austin Raleigh LosAngeles Indianapolis SanJose FortWorth Detroit Columbus NewOrleans Columbus Detroit Tulsa Minneapolis Chicago Philadelphia Oakland LongBeach LasVegas Seattle Columbus Houston ColoradoSprings VirginiaBeach Nashville Milwaukee Jacksonville
20
Jacksonville Jacksonville
Atlanta SanFrancisco Louisville Atlanta
Fresno Fresno
Milwaukee Tucson
Austin Austin
Raleigh Memphis
LosAngeles LosAngeles
Indianapolis Indianapolis
SanJose SanJose Boston
FortWorth Phoenix FortWorth
Columbus Columbus
Tulsa Tulsa
Minneapolis Minneapolis
Philadelphia Philadelphia
Oakland Albuquerque
LongBeach LongBeach
LasVegas LasVegas
Seattle Seattle Portland
VirginiaBeach VirginiaBeach
Nashville ElPaso
