SaintPaul Garland Newark Louisville Lubbock StPetersburg Cincinnati ChulaVista SanDiego NorthLasVegas SanDiego ChulaVista Cincinnati OklahomaCity Hialeah Glendale Hialeah OklahomaCity FortWayne Albuquerque BatonRouge FortWorth BatonRouge Albuquerque Baltimore ChulaVista Cincinnati Phoenix Durham SantaAna Durham Toledo Atlanta Toledo JerseyCity Austin LosAngeles Plano Fresno Plano Chandler Greensboro Dallas Tucson Philadelphia SanFrancisco Stockton Houston Newark Garland SaintPaul Indianapolis SaintPaul
29
Newark Newark Scottsdale
Louisville Memphis Madison
Lubbock Lubbock
StPetersburg Milwaukee Henderson StPetersburg
Cincinnati Cincinnati
ChulaVista Charlotte Honolulu
SanDiego SanDiego SanJose
OklahomaCity OklahomaCity Bakersfield
Hialeah Hialeah
Glendale Columbus Glendale
FortWayne Anchorage FortWayne
FortWorth FortWorth
Baltimore Baltimore LongBeach
Phoenix Phoenix
Durham Durham WinstonSalem
SantaAna SantaAna Pittsburgh
Toledo Tampa
Atlanta Atlanta
JerseyCity Denver Lincoln JerseyCity Laredo
Austin SanAntonio Austin Aurora
LosAngeles ElPaso
Plano Plano
Fresno NewOrleans Lexington Chesapeake Spokane
Chandler Chandler
Dallas Dallas
Tucson Tucson Raleigh
Stockton Stockton
Houston Houston
Indianapolis Indianapolis
