0 23 64 33 61 28 185 5 12 140 86 66 173 35 9 2 83 99 10 106 17 79 26 98 47 142 188 13 42 45 87 59 74 141 80 3 43 93 30 49 84 24 177 57 78 55 73 0
45
0 0 58
23 23
64 7 39 48 50 63 64 88
33 15 33 76
61 61 72
28 28
185 38
5 5 41 70 75
12 12 53 62
140 31 68
86 86
66 66
173 1 19 37 44 85
35 35
9 9 52 96
2 2
83 40 83
99 27 92 99
10 10 71 81
17 17
79 11 56 67 79
26 26
98 65 77 91 98
47 47
142 16 22 51
13 13
42 42
45 45
87 18 87 95
59 32 59 94 97
74 74
141 20 21
80 80
3 3
43 43 69
93 93
30 8 30
49 49 54
84 84
24 6 24 46
177 29 82 89
57 4 25 34 57 60
78 14 36 78
55 55 90
73 73
