89 12 127 101 172 110 104 21 86 173 36 79 73 133 190 33 25 166 189 51 3 18 85 164 98 132 195 19 111 128 199 167 41 37 96 32 182 34 82 15 120 144 163 143 122 148 13 58 26 119 70 136 70 135 106 19 193 109 112 29 197 182 48 180 31 89
55
89 69
12 12 187
127 4 80 88 127
101 78 101 169
172 5 172
110 59
104 130 188
21 21
86 56 86
173 173
36 36
79 79
73 73 97
133 133 141 194
190 39 149 190
33 33 121
25 25 44
189 189
51 51 156
3 3
18 18
85 85 146
98 98
132 132
195 195
111 49 83 111 140
128 23 128
199 100 199
167 38 75 81 94 151
41 41
37 37 124
96 96
32 32
34 65 191
82 11 82
15 147
144 144 160
143 114 125
122 61 102 122 178
148 148
13 13
58 58
26 1 16 118
119 179
70 70 192
136 136
135 135
193 193
109 109 183
112 112
29 29
197 197
48 9 27 48
180 99 155
31 6 31 64 107
