152 75 50 183 24 173 94 13 94 73 111 31 146 170 123 78 154 0 1 156 45 61 45 156 1 133 116 147 84 161 4 113 4 82 102 181 139 36 87 37 101 119 179 64 166 81 97 152
34
75 75
50 50 153
183 9 183
24 41 143 149 151 163
94 94 105 130 180
13 13 38 42
73 73 92
111 111 168
31 31 112
170 170
123 54
78 78
154 2 51 172
0 0 35 95 121 145
1 12 58
156 8 89
45 45 157 175
61 60 79 85 96
133 90
116 116 165
147 66 171
84 56
113 5 113 182
82 53 126
181 181
139 65 134 139 144
36 28 142 169
87 87 136
37 37
101 101
179 184
166 166
81 81
97 27 97
