5 94 109 94 165 7 121 34 62 36 91 191 74 191 194 191 64 37 0 27 2 158 45 14 45 158 80 158 45 47 81 76 186 189 77 199 53 0 27 174 101 174 27 104 147 70 86 44 42 149 72 60 2 140 164 29 193 38 58 109 84 162 84 109 152 97 95 116 35 116 134 71 119 192 109 94 5
50
5 33
94 20 39 92
109 75 179
165 63 154 173
121 52 157
34 9 17 34 51 55 56 61 68 69 133 138 153 183
62 123
36 11
91 91
74 16 31 170 187
194 194
64 64
37 37 177
2 2
158 102 158
45 10
14 14
80 80
47 43 47
81 81 151
76 76 156
186 146 171
189 103 189
77 46 77 143 184 196
199 32 48 122 199
53 53
174 174
101 1 101
104 83 104 105
70 26
86 85
44 44
42 42 137
149 28 149 180
72 159
140 140
164 164
29 78
193 193
58 58
84 168
162 162
152 152
95 99
116 116
35 22 25 110 135 188
134 50
71 71 178
119 41 67
192 18 96 100 192
