A42 A100 A183 A100 A78 A107 A186 A121 A177 A95 A151 A17 A158 A11 A122 A160 A152 A134 A74 A40 A73 A172 A73 A123 A73 A53 A30 A63 A98 A197 A198 A138 A198 A63 A44 A120 A44 A5 A2 A35 A2 A39 A47 A128 A146 A118 A146 A89 A146 A63 A98 A0 A16 A137 A32 A127 A196 A30 A189 A30 A191 A46 A191 A64 A186 A67 A13 A88 A13 A167 A77 A66 A77 A167 A72 A125 A182 A125 A72 A165 A82 A194 A82 A165 A72 A168 A15 A23 A184 A100 A42
53
A42 A42 A71
A100 A100
A183 A43 A84 A93 A183
A78 A78
A107 A107
A186 A34 A94 A111 A143
A121 A179
A177 A177
A95 A95
A151 A96
A17 A17
A11 A51
A122 A122
A40 A20 A40 A193
A172 A172
A123 A123
A53 A176
A30 A30 A90
A98 A98 A106 A117 A124 A132 A139 A144 A145 A148 A192
A197 A142
A198 A187 A198
A44 A21
A120 A120
A5 A5
A2 A2 A135 A154
A35 A35 A58 A130 A159
A39 A33 A39 A76
A128 A128
A118 A118
A0 A0 A103
A16 A16 A105
A137 A137
A32 A32
A127 A127
A196 A196
A189 A3 A189
A191 A191
A46 A46
A64 A64
A67 A67 A136
A13 A13 A70 A75
A88 A88 A113 A185
A167 A9 A167
A77 A4 A77
A66 A45 A126
A72 A37 A72 A114
A125 A181
A182 A102 A182
A82 A65 A82
A194 A28 A194
A168 A7 A54
A23 A23 A38 A57
A184 A92 A184
