100 31 15 30 16 61 26 45 44 2 46 142 131 50 19 50 133 134 135 139 140 200 196 200 139 135 134 133 50 131 130 129 144 42 3 41 3 42 144 129 130 131 50 133 141 20 136 188 21 56 21 188 136 20 141 133 50 131 142 46 2 44 45 43 72 40 8 9 6 9 8 40 72 43 45 26 61 16 30 15 27 70 36 33 12 11 10 76 121 152 121 76 10 11 75 11 12 33 36 70 27 15 31 100 58 55 18 53 18 55 58 100 86 85 164 165 104 156 153 115 111 115 153 156 104 165 164 85 86 100
39
100 32
31 31
15 15
30 30
16 16 22 25 59
61 1 7 14 34 37 39 54 60
26 26
45 45
44 4 5 44
2 2 17
46 46
50 50
19 19 47 48 49
42 42
3 3
41 41
20 20
188 182 192
21 21
56 56 57
43 13 29 43
40 40
8 8
9 9
6 6
27 27
36 28 36
33 33
12 12
11 11
10 10
121 121
58 58
55 24 55
18 18
53 23 51 52 53
165 165
153 153
111 111
