YuhuaEast Sennett ClementiCentral Mandai ChengSan BoonLayPlace ChengSan Geylang Matilda Paterson SimpangNorth OneTreeHill SembawangStraits Shipyard ClarkeQuay BedokSouth BukitTimah KianTeck LittleIndia DhobyGhaut Trafalgar OneTreeHill SouthernIslands WestCoast Commonwealth SungeiRoad WaterwayEast YioChuKang JurongPort Northland WoodlandsWest BukitBatokSouth TelokBlangahRise Sentosa EastCoast NatureReserve ChangiWest NatureReserve MandaiWest Kranji Bedok UluPandan PayaLebarEast MountEmily KebunBahru Tampines KebunBahru TuasBay TiongBahru Kangkar Saujana JurongRiver Northshore Hillcrest EvertonPark Mandai ClementiCentral SerangoonNorth ChinaSquare Sennett YuhuaEast
44
Sennett SerangoonGarden Sennett CityHall SingaporeRiver
ClementiCentral Serangoon
Mandai PasirRis Mandai
ChengSan BedokNorth JurongWestCentral
BoonLayPlace OneNorth BoonLayPlace LowerSeletar
Geylang Geylang
Matilda Punggol Matilda
Paterson Paterson PulauPunggolTimor
SimpangNorth SimpangNorth Khatib AlexandraNorth
OneTreeHill HongKah OneTreeHill ClementiNorth UpperThomson
SembawangStraits SembawangStraits
Shipyard PeoplesPark Shipyard PasirRisPark OrangeGrove ChangiPoint
BedokSouth BedokSouth
BukitTimah Port AngMoKioTownCentre
KianTeck Cairnhill
DhobyGhaut DhobyGhaut
Trafalgar BayfrontSubzone Trafalgar
SouthernIslands Moulmein SouthernIslands HongKahNorth
WestCoast TuasNorthPioneer TampinesNorth
Commonwealth InstitutionHill KentRidge Chatsworth Commonwealth
SungeiRoad SungeiRoad
WaterwayEast WaterwayEast
YioChuKang YioChuKang
JurongPort JooSengPayaLebar JurongPort DairyFarm PeiChun
Northland Mountbatten Northland
WoodlandsWest WoodlandsWest
BukitBatokSouth SerangoonCentral BukitBatokSouth
TelokBlangahRise SungeiKadut Brickworks TelokBlangahRise IstanaNegara
Sentosa Sentosa PearlsHill
EastCoast EastCoast Sembawang
ChangiWest ChangiWest
Bedok PangSua
UluPandan SembawangHills KeatHong UluPandan YioChuKangEast
PayaLebarEast PasirRisDrive PayaLebarEast Museum TohGuan BenoiSector
MountEmily Tanglin GeylangEast
KebunBahru KebunBahru RochorCanal
Tampines MandaiEast Tampines BukitBatokWest
TuasBay TuasBay PunggolField TuasPromenade
TiongBahru TiongBahru
Saujana BoatQuay Kembangan Aljunied DefuIndustrialPark Saujana HougangCentral
JurongRiver ChoaChuKang
EvertonPark ReservoirView EvertonPark
SerangoonNorth TagoreSindo SerangoonNorth
ChinaSquare ChinaSquare
