Qwilfish Drampa Froakie Magnemite Comfey Nincada Noibat Tornadus Gengar Metapod Metang Slurpuff Metang Crawdaunt Woobat Stufful Yungoos Magnemite Weepinbell Escavalier Weezing Metapod Sandile Simisear Sandile Vullaby Drapion Taillow Scatterbug Honedge Kakuna Honedge Seaking Xerneas Wailord Xerneas Shellos Tropius Qwilfish
29
Qwilfish Qwilfish
Drampa Drampa
Froakie Froakie Bounsweet
Magnemite Skorupi Amoonguss Magnemite Swadloon
Comfey Comfey
Nincada Nincada Whismur
Noibat Skiddo Magmar Noibat
Gengar Lotad Gengar Munna Tauros
Metapod Inkay Metapod Jumpluff
Metang Metang Steenee
Slurpuff Slurpuff
Crawdaunt Porygon2 Crawdaunt
Woobat Woobat
Stufful Stufful Conkeldurr
Weepinbell Weepinbell
Escavalier Escavalier
Weezing Vespiquen Weezing Plusle Bastiodon
Sandile Meloetta Sandile
Simisear Simisear
Vullaby Volcarona Vullaby
Drapion Drapion
Taillow Taillow
Scatterbug Scatterbug
Honedge Honedge
Kakuna Kakuna Treecko
Seaking Seaking
Xerneas Shellder
Wailord Wailord
Shellos Shellos
