Soda WicksonNaturalArea Piedmont NorthField UniversityHall Hayward HertzHall SproulPlaza AnthonyHall HavilandHall GilmanHall GoldmanField KoshlandHall WellmanHall MLK ZellerbachHall BarkerHall PimentelHall Hillsborough ChouHall SanRamon FoundersRock IshiCourt Pacifica StHelena SatherTower Pittsburg Alameda Campanile WursterHall KroeberHall WestCircle Pinole HargroveMusicLibrary Oakley WestGate Soda
33
Soda EtcheverryHall
WicksonNaturalArea WicksonNaturalArea
Piedmont Cory Piedmont NorthGateHall
UniversityHall DonnerLab ZellerbachPlayhouse WheelerHall
Hayward Hayward BlumHall Saratoga Unit3
HertzHall HertzHall BancroftLibrary Unit1
SproulPlaza Emeryville SproulPlaza
AnthonyHall AnthonyHall
GilmanHall GilmanHall HearstGreekTheatre
GoldmanField GoldmanField
WellmanHall WellmanHall SternHall
MLK MartinezCommons WomenFacultyClub Healdsburg Brisbane
ZellerbachHall MulfordHall ZellerbachHall
BarkerHall BarkerHall FrankSchlessingerWay
PimentelHall PimentelHall CalvinLaboratory
Hillsborough Hillsborough
ChouHall StadiumRimWay HearstMiningCircle EastGate ChouHall Belmont
SanRamon SanRamon
FoundersRock MinorHallAddition FoundersRock EvansHall
IshiCourt ClarkKerrCampus SanRafael SanPablo IshiCourt Benicia
Pacifica Pacifica LowerSproulPlaza
StHelena KleebergerFieldHouse StHelena
SatherTower Albany SatherTower
Pittsburg Pittsburg Insectary
Alameda Alameda GiauqueHall
Campanile Campanile
WursterHall WursterHall Fairfield
KroeberHall KroeberHall
WestCircle WestCircle
Pinole ClearyHall Pinole
HargroveMusicLibrary HargroveMusicLibrary
Oakley Orinda Oakley LewisHall
WestGate WestGate
