Fizz Annie Gragas Katarina DeathProphet Pantheon Sven Weaver Thresh Ekko Rammus Ryze Techies Singed Vayne Janna JarvanIV Tristana Shen Lucian Morphling Amumu StormSpirit Tailyah Zed BountyHunter Trundle Leona KhaZix Mirana Kassadin NaturesProphet Kayn TrollWarlord Huskar Omniknight TahmKench Orianna Beastmaster NightStalker ShadowShaman ShadowFiend Sona Yorick Nasus Karma SpiritBreaker Azir Dazzle Magnus Talon Tiny Syndra Leshrac Vladimir Kennen Fizz
51
Fizz Fizz
Annie Annie Sniper
Gragas Gragas
Katarina Nidalee Katarina
DeathProphet Timbersaw DeathProphet
Pantheon Pantheon
Sven Slardar Sven
Weaver Weaver
Thresh Thresh Jayce FacelessVoid
Ekko Ekko
Ryze Visage Ryze
Techies Techies Zilean
Singed Singed
Janna Janna Undying
JarvanIV JarvanIV
Tristana Tristana
Shen Rengar
Lucian Lucian Chen
Morphling Ziggs Morphling
Amumu Amumu
StormSpirit StormSpirit
Tailyah Oracle Xayah VelKoz
Zed Rumble Zed
BountyHunter BountyHunter Medusa Venomancer Fiddlesticks
Trundle ShadowDemon Slark Trundle
Leona Leona
KhaZix KhaZix
Mirana Mirana Brewmaster
Kassadin Kassadin LoneDruid
Kayn Vi Kayn Irelia
TrollWarlord TrollWarlord
Huskar Warlock Huskar
Omniknight WinterWyvern Omniknight
TahmKench TahmKench
Orianna Nunu Orianna CentaurWarrunner LeBlanc Kled Bane
Beastmaster Beastmaster
NightStalker NightStalker Quinn
ShadowShaman ShadowShaman
ShadowFiend ShadowFiend
Sona Sona
Yorick Yorick
Nasus Nasus Viktor
Karma Karma
SpiritBreaker SpiritBreaker Puck Cassiopeia
Azir Heimerdinger Azir
Magnus Jinx Magnus
Talon Talon Terrorblade
Tiny Tiny
Syndra Syndra
Vladimir Vladimir
Kennen Kennen Rubick
