1 170 76 109 197 119 125 114 195 87 131 9 196 108 192 25 99 91 59 182 92 28 172 79 183 159 72 60 180 26 138 151 181 155 27 160 95 81 117 65 100 67 140 96 147 165 77 163 52 142 1
45
170 170
76 76 93 126 132
197 197
119 20 74 119
114 94 114 118 122
195 7
87 17 70 87 127
131 16 129 131
9 9 35 89 97
196 14 116
108 108 112
192 192
25 21 25
99 99
91 91 139 167
59 59
182 45 182
92 32 92
28 13 28
172 172
79 79
183 121 148 183
159 159
72 11 34 42 137
60 3 60
180 161 180
138 2
151 120 151
181 68 181 186 191
155 29 155
27 27
160 160 184
95 95
81 40 81 153
117 117 149
65 64 65 143 176
100 53 78 100 164
67 36 67 188
140 140 190
147 44 57 147
165 6 165
77 77
163 163
52 52 178
142 12 123 142
