location1 location19 location179 location184 location106 location143 location110 location152 location133 location136 location11 location164 location146 location10 location154 location69 location49 location70 location195 location113 location94 location46 location5 location12 location1
23
location1 location20 location27 location56 location90 location175 location178
location19 location92 location93 location193
location179 location28 location85 location158 location179
location184 location13 location32 location68 location74 location91 location97 location129 location157 location159 location172 location181 location184 location188 location199
location106 location33 location37 location43 location59 location65 location87 location100 location106 location118 location177 location182 location197
location143 location17 location26 location57 location143 location169 location171 location180 location186
location110 location110 location142
location152 location152
location133 location58 location133
location136 location6 location30 location105 location109 location136
location11 location11 location185
location164 location164
location146 location35 location75 location139 location146 location161
location10 location10 location108
location154 location116 location127 location154 location165
location69 location69 location107 location190
location49 location3 location16 location49 location82 location140
location70 location2 location95 location96 location150
location195 location195
location94 location22 location94 location130 location196
location46 location40 location46 location123 location149
location5 location5 location44 location114 location148
location12 location12 location25 location111 location128
