c5 t9 e1 e4 h4 q3 s2 n6 c4 p9 o8 c2 k9 c8 j2 l6 a6 b3 a1 a8 r5 q2 j3 f5 t7 m0 b1 d4 i1 a7 r8 g0 o2 e0 j6 o4 h9 t8 l8 t6 j5 h6 d5 g7 t5 g8 o0 j7 h2 q8 j9 q0 r1 o7 g1 k1 t2 g6 p7 q9 o6 l4 o5 h0 i5 n0 d6 r9 n4 e3 q1 t1 c5
63
t9 t9
e1 e1 g3
e4 e4
h4 h3 h4 r7 s4
q3 q3
s2 s2
n6 n6
c4 c4 g9 h1
p9 l0 p9
o8 o8
k9 k9
c8 c8
j2 a4 c3 j2
l6 l6 s3
a6 a6
b3 b3
a1 a1
a8 a8 l1
j3 j3
f5 f3 f5
t7 f2 p0 t7
m0 m0
b1 b1
d4 d4
i1 i1
a7 a7
g0 g0
o2 k6 o2 q5
e0 e0 g5
j6 j6 r2
o4 o4
t8 t8
l8 l8
t6 l3 t6
j5 j5
h6 h6 s1
d5 d5
g7 g7 s9
t5 e5 g4 r4 t5
g8 e2 g8 s7
o0 a0 o0
j7 j7 m4
h2 h2 n3
q8 q8
q0 q0
r1 r1
o7 o7
g1 g1 h5 m7
k1 f6 k1
t2 i0 t2
g6 g6
p7 b7 p7
o6 o6
l4 l4
o5 b5 o5
h0 h0
i5 i5
n0 n0
d6 d6
r9 r9
n4 i4 n4
q1 q1
t1 t0 t1
