Loc1 Loc37 Loc19 Loc52 Loc70 Loc16 Loc46 Loc16 Loc70 Loc10 Loc34 Loc2 Loc11 Loc17 Loc21 Loc9 Loc3 Loc64 Loc55 Loc42 Loc22 Loc31 Loc0 Loc38 Loc79 Loc56 Loc25 Loc53 Loc65 Loc68 Loc7 Loc4 Loc87 Loc74 Loc87 Loc96 Loc41 Loc72 Loc98 Loc18 Loc63 Loc97 Loc5 Loc1
36
Loc37 Loc92
Loc19 Loc19
Loc52 Loc52
Loc70 Loc50 Loc70
Loc46 Loc46
Loc10 Loc6 Loc10
Loc34 Loc34 Loc91
Loc2 Loc2
Loc11 Loc11
Loc17 Loc17 Loc32
Loc21 Loc21
Loc9 Loc9
Loc3 Loc3 Loc29
Loc64 Loc15 Loc43
Loc55 Loc55 Loc80
Loc42 Loc42 Loc62
Loc22 Loc22
Loc0 Loc0
Loc38 Loc38
Loc79 Loc79
Loc56 Loc56
Loc25 Loc25 Loc76
Loc53 Loc53
Loc65 Loc45 Loc65 Loc69 Loc81
Loc68 Loc47 Loc68
Loc7 Loc7
Loc4 Loc4
Loc87 Loc87
Loc74 Loc74
Loc41 Loc41
Loc72 Loc72
Loc98 Loc98
Loc18 Loc18 Loc90
Loc63 Loc63
Loc97 Loc13
Loc5 Loc49
