gc as co em ec ab dy bk bn df bv cp k cz dk v ai dn at bu fg eg es e q ez dw fo ft gn dx fq by bc cw ao cv cl cj an ad gj gi cq ae dq aw h dj gg do fi bb fn ey ak n eq cy ge fa db cg fy fb br er go am cd ep ck ch g cn gc
62
gc gk
as ac as
co co
em em
ab ab cm
dy dy fw
bk u dg ds et gm
bn b bn
df fh
bv j bv
cp cp cr
cz cz
v v
ai ai
dn dn
at at
bu bu gq
fg y
es es
e a e bq fe ff
q q fr
dw dw
fo fd fo
ft ft
gn gh gn
dx dx ga
fq fk fq
by p by
bc ah bc
ao ao
cv cv
cl cl cs
cj bi cj ee el
an an bl
ad ad bx
gj gj
gi d dh di gi
cq cq
ae ae en
dq bp dq
aw aw
dj dj
gg dp gg
do do
fi bj fi
bb ap bb bt
fn fn
ey ey
eq eq
ge ge
fa fa
db az db
cg cg
fy fy
br br
er er
go go
am am
ep ep
ck ck
g g
cn cn
