LOC60 LOC161 LOC62 LOC120 LOC180 LOC69 LOC192 LOC188 LOC170 LOC7 LOC155 LOC58 LOC72 LOC76 LOC59 LOC71 LOC116 LOC89 LOC133 LOC163 LOC103 LOC177 LOC131 LOC122 LOC46 LOC65 LOC70 LOC64 LOC144 LOC137 LOC50 LOC134 LOC74 LOC199 LOC181 LOC185 LOC169 LOC153 LOC166 LOC41 LOC160 LOC41 LOC153 LOC60
26
LOC161 LOC161
LOC62 LOC62
LOC180 LOC38 LOC80 LOC180 LOC189
LOC69 LOC18 LOC56 LOC68 LOC108 LOC142 LOC158
LOC192 LOC52 LOC139 LOC192
LOC188 LOC36 LOC48 LOC190 LOC194
LOC170 LOC164 LOC170
LOC7 LOC7
LOC58 LOC58 LOC63
LOC72 LOC54 LOC72
LOC76 LOC8 LOC30
LOC59 LOC6 LOC59
LOC116 LOC51 LOC116 LOC117
LOC89 LOC55 LOC89 LOC96
LOC133 LOC133
LOC177 LOC177
LOC122 LOC24
LOC46 LOC46
LOC65 LOC65
LOC70 LOC70 LOC97
LOC64 LOC64 LOC145
LOC144 LOC144
LOC134 LOC134
LOC153 LOC17
LOC166 LOC166
LOC160 LOC160
