zero two nine ten eleven eighteen twentyfive thirtytwo thirtythree thirtyfour thirtyfive fortytwo thirtysix thirtyseven thirtyeight fortyfive fortysix fortyseven fortyeight fortyone thirtyfour twentyseven twenty thirteen fourteen thirteen six zero
18
zero three five seven
nine nine
eleven eleven twelve
eighteen sixteen eighteen nineteen
twentyfive twentyfive
thirtytwo thirtyone thirtytwo
thirtyfour thirtyfour
thirtyfive thirtyfive
fortytwo fortytwo
thirtyseven thirtyseven
thirtyeight thirtyeight
fortyfive fortyfive
fortysix fortysix
fortyone forty
twenty fifteen twenty
thirteen thirteen
fourteen fourteen
six six
