zero three ten nine eight fifteen twentytwo twentythree twentyfour twentyfive twentysix twentyseven twentyeight thirtyfive twentynine thirty thirtyseven fortyfour fortythree fortynine fortyeight fiftyfive fiftysix fifty fiftyseven sixtyfour sixtyfive sixtysix sixtyseven sixtyeight sixtynine seventy seventyseven seventyone seventyeight seventynine eighty eightyone eightyeight eightyone seventyfour sixtyseven sixty fiftythree fortysix thirtynine thirtytwo twentyfive eighteen eleven four zero
35
zero two five six
three three
ten ten
eight fourteen
fifteen fifteen twenty
twentytwo twentytwo
twentyfour twentyfour
twentyfive twentyfive
thirtyfive thirtyfour thirtyfive
twentynine twentynine
thirty thirty
thirtyseven thirtysix thirtyseven
fortyfour fortyfour fortyfive
fortyeight fortyseven fortyeight
fiftyfive fiftyfive
fifty fifty fiftyone
fiftyseven fiftyseven sixtytwo
sixtyfive sixtyfive
sixtysix sixtysix
sixtyseven sixtyseven
sixtyeight sixtyeight
seventy seventy
seventyseven seventyseven
seventyone seventyone
seventyeight seventyeight eightyfour
seventynine seventynine
eightyone eightyone eightytwo
eightyeight eightyseven eightyeight eightynine ninetyfive
seventyfour seventyfive
sixty sixty sixtyone
fiftythree fiftythree
thirtynine thirtynine
thirtytwo thirtythree
eleven twelve
four four
