188645 7E5598 0FBCDC 567883 36D08C 70146D 29B2A4 70146D 410DA1 DD2694 AD298D 7BF2B5 D443EB 0801CC 61EDA9 E09D29 61EDA9 0801CC 1276AF B3243F A5CCB5 DBDC9A A7E9D9 0D7DE7 EDC0CA EF4D57 EDC0CA 2F1AB5 9B9BDD 2F1AB5 7A7E10 CB09C0 2C101C 103C70 07D80A C0766C 188645
26
188645 188645 0FB66D
7E5598 AFF8D1 3B1041
0FBCDC 0A5C0E 0FBCDC
567883 44716B
36D08C 6D778A
70146D 7E18E9
29B2A4 724A76 29B2A4
410DA1 FF8D45
DD2694 DD2694
7BF2B5 37F745 8D0852 784F83 D01E6B
D443EB D443EB D7CAF9
0801CC 9B0EC2 19FFAB
61EDA9 AA8E14 D5356A 3ADA02 4FBDE1
E09D29 C98FE7 E09D29
1276AF 48C2D5 1276AF
B3243F 628AB2
A5CCB5 800641 A5CCB5
DBDC9A DBDC9A 994F93 94D700
A7E9D9 A7E9D9 B7B073
0D7DE7 E954F7 467AB7 B833F0
EF4D57 EF4D57
9B9BDD 9B9BDD D04F40
CB09C0 CB09C0
2C101C 2C101C
103C70 539A92 FD1783 84EBFF 500783
07D80A 07D80A
