a1 a5 a4 a5 a6 a54 a55 a56 a52 a53 a54 a86 a85 a81 a82 a83 a84 a85 a86 a102 a101 a97 a98 a99 a100 a104 a105 a109 a110 a111 a112 a113 a117 a118 a182 a181 a180 a179 a180 a181 a182 a118 a119 a120 a121 a120 a116 a115 a116 a117 a118 a150 a151 a152 a148 a147 a146 a145 a144 a143 a142 a141 a140 a139 a155 a154 a153 a157 a156 a155 a27 a75 a43 a42 a41 a40 a36 a40 a41 a45 a46 a45 a44 a43 a59 a60 a59 a27 a26 a25 a29 a25 a24 a20 a19 a18 a17 a16 a12 a13 a12 a11 a91 a92 a93 a92 a91 a171 a172 a173 a174 a173 a169 a168 a164 a165 a161 a165 a164 a165 a166 a70 a69 a68 a67 a68 a69 a70 a134 a133 a132 a131 a132 a133 a134 a6 a5 a1
74
a1 a1 a190
a4 a3 a4
a6 a6 a22 a38
a54 a54
a56 a57
a52 a51 a52
a53 a49
a86 a86
a81 a78 a81
a83 a83
a84 a84
a102 a102
a97 a97
a99 a99
a100 a100
a105 a105
a109 a108
a110 a110
a113 a113
a118 a118
a182 a182
a181 a177
a180 a180 a185
a179 a179
a121 a121 a126
a116 a116
a115 a115
a150 a150
a148 a148
a147 a147
a145 a145
a142 a142
a141 a137
a140 a140
a139 a107 a123 a124 a139 a187 a188
a155 a155
a153 a153
a157 a158
a156 a156
a27 a27 a28
a75 a73 a75 a76
a43 a43
a41 a41
a36 a33 a35 a36
a46 a46
a44 a44
a59 a59
a60 a60 a62
a25 a25
a29 a30
a20 a20
a19 a19
a17 a17
a12 a12
a13 a9 a14
a11 a11
a91 a91
a92 a92
a93 a89 a94
a171 a171
a172 a172
a174 a174
a169 a169
a164 a163 a164
a161 a161
a166 a166
a70 a70
a69 a65
a68 a68
a67 a67
a134 a134
a133 a129
a132 a132
a131 a131
