0 17 5 42 5 36 27 17 80 66 80 17 0 100 101 110 168 110 175 110 101 108 101 112 101 109 167 109 101 100 102 100 106 100 0 31 25 31 3 4 3 75 3 11 41 11 0 86 81 82 81 0
24
17 13 17 22 44 65 68 70 77
5 5
42 42
66 66
100 100 104 105 127 128 130 136 138 151 152 153
101 101 113 117 177 178 188 189 194 196 198
110 169 171 172 173
168 168
175 175
108 154 156 158 160
112 112 179 180 182
109 109
167 167
102 102 118 121 123 124
106 106 142 144 145 146 147 149
31 1 7 21 26 31 35 53 57 72 89
25 24 25 59
3 51 56
4 4 14 49 63 87 96
75 18 28 29 54 75
11 55 58
86 10 20 43 62 83 85 86 90 98 99
81 81
82 82
