MapLocation77 MapLocation97 MapLocation3 MapLocation4 MapLocation5 MapLocation44 MapLocation5 MapLocation24 MapLocation1 MapLocation83 MapLocation35 MapLocation80 MapLocation81 MapLocation91 MapLocation82 MapLocation6 MapLocation48 MapLocation68 MapLocation37 MapLocation84 MapLocation86 MapLocation20 MapLocation66 MapLocation39 MapLocation77
23
MapLocation77 MapLocation55 MapLocation67 MapLocation70 MapLocation72 MapLocation77
MapLocation97 MapLocation8 MapLocation97
MapLocation3 MapLocation3
MapLocation4 MapLocation4
MapLocation5 MapLocation5 MapLocation40
MapLocation44 MapLocation19 MapLocation27 MapLocation44 MapLocation45 MapLocation65
MapLocation24 MapLocation24
MapLocation1 MapLocation0 MapLocation1 MapLocation2
MapLocation83 MapLocation74 MapLocation83
MapLocation35 MapLocation35 MapLocation58 MapLocation73
MapLocation80 MapLocation49 MapLocation80
MapLocation81 MapLocation10 MapLocation81
MapLocation91 MapLocation51 MapLocation91
MapLocation82 MapLocation82
MapLocation6 MapLocation6
MapLocation48 MapLocation13 MapLocation48 MapLocation88
MapLocation68 MapLocation14 MapLocation68 MapLocation79
MapLocation37 MapLocation37 MapLocation85
MapLocation84 MapLocation84
MapLocation86 MapLocation42 MapLocation61 MapLocation86
MapLocation20 MapLocation20
MapLocation66 MapLocation66
MapLocation39 MapLocation17 MapLocation39 MapLocation93
