Location0 Location43 Location25 Location43 Location19 Location45 Location37 Location2 Location14 Location69 Location52 Location44 Location112 Location97 Location32 Location105 Location110 Location17 Location11 Location17 Location100 Location59 Location12 Location41 Location1 Location26 Location85 Location15 Location74 Location16 Location43 Location0
22
Location43 Location43
Location25 Location9 Location25 Location34
Location19 Location6 Location19
Location45 Location23 Location36 Location45
Location37 Location24 Location37
Location2 Location2
Location14 Location14 Location22 Location33
Location52 Location10 Location28 Location29 Location30
Location44 Location13 Location18 Location42 Location44
Location112 Location27
Location32 Location32
Location110 Location38
Location17 Location3 Location17
Location11 Location11
Location100 Location39
Location59 Location40
Location12 Location5 Location12
Location41 Location41
Location1 Location1 Location8 Location31 Location35
Location26 Location4 Location7 Location20 Location21 Location26
Location15 Location15
Location16 Location16
