0 1 0 50 51 50 100 101 100 150 199 198 194 197 183 184 180 172 180 179 173 174 176 175 176 174 173 177 173 179 180 171 170 159 160 159 170 168 157 158 157 168 170 171 180 185 187 188 191 188 186 192 186 188 187 185 180 171 170 159 163 167 166 162 164 153 152 153 164 165 150 100 115 114 103 114 112 116 117 113 109 120 121 130 122 130 134 133 147 144 148 144 147 133 134 130 129 123 127 123 124 126 124 123 129 130 135 137 138 136 138 137 135 130 121 120 118 107 108 105 108 107 118 120 109 113 117 116 112 114 115 100 50 0 15 14 3 2 3 14 12 16 17 13 11 4 11 13 9 20 18 7 8 6 8 7 18 20 21 30 29 23 24 26 24 23 27 23 29 30 34 45 43 45 34 33 47 44 47 33 34 30 35 37 38 36 38 37 35 30 21 20 9 13 17 16 12 14 15 0 50 65 64 53 52 53 64 62 66 67 63 61 54 61 63 59 70 68 57 58 57 68 70 71 80 72 80 84 83 97 94 98 94 97 83 84 80 85 87 88 91 88 86 92 86 88 87 85 80 79 73 74 73 79 80 71 70 59 63 67 66 62 64 65 50 0
67
1 1
51 51
101 101
150 151
199 199
198 198
194 194
197 197
183 183
172 172
174 174
176 176
175 175
177 177
160 160
158 155 156
191 190 191
186 186
192 192 196
163 154
153 153
152 152
103 102 103
113 104
109 110
122 122
133 133
147 147
144 144
148 148 149
127 127
124 124
126 125 126
138 140 141
136 136 142 146
108 106
105 105
3 3
2 2
4 4
9 10
8 5
6 6
30 22
24 24
26 25 26
27 27
33 33
47 47
44 44 48 49
38 40 41
36 36 42 46
53 53
52 52
54 54
59 60
58 55 56
72 72
83 83
97 97
94 94
98 98 99
91 90 91
86 86
92 92 96
73 77
74 74 75 76
