A0 X4 S6 P5 I0 Y3 Z3 V2 W6 L5 Q0 O5 X3 E1 M0 A2 F4 R6 F6 K4 R3 P2 I3 R5 N1 X2 M1 B2 U6 U2 W5 E5 C0 R4 G1 M6 D0 L0 M5 F0 J1 Z4 T5 C4 Y4 Z6 G6 A0
47
A0 A0
X4 K2 X4
S6 D3 S6
P5 P5
I0 I0 E4 Q4
Y3 Y3
Z3 W2 Z3
V2 V2
W6 T3 B5 W6
L5 L5
Q0 Q0
O5 M3 O5
X3 X3 A4
E1 E1
M0 H0 M0 T2
A2 X0 Z1 A2 I5
F4 F4
R6 R6 A7
F6 F6 H6
K4 D2 K4
R3 R3
P2 J0 P2 C6
I3 I3
R5 B4 R5
N1 N1 Y6
X2 K1 S1 X2 O3
M1 M1
B2 B2
U6 U6
U2 A1 U2
W5 W5
E5 C3 O4 E5
C0 C0 W4
R4 R4
G1 G1 X6
M6 Q5 A6 M6 Q6
D0 D0 Y0
L0 L0 I1 M4
M5 P0 N2 J5 M5 C7 D7
F0 F0 Z5
J1 G0 J1 A5
Z4 G4 Z4 J6
T5 F3 T5
C4 E3 C4 T6 V6
Y4 S2 G3 Y4
Z6 X1 Z6
G6 G6 P6
