149 24 75 48 97 57 72 35 8 17 147 78 170 39 87 54 123 73 12 61 94 93 30 67 19 91 82 98 131 86 15 27 70 53 47 84 38 22 182 164 6 5 10 56 52 26 115 85 34 1 118 143 11 114 141 163 28 33 64 29 119 23 51 20 116 37 80 36 42 69 96 76 149
58
149 14 68
24 24
75 4 59 75
48 48
97 97
57 57 63
72 72
35 35
8 8
17 17
78 78
39 39
87 87
54 54
73 32 73
12 3 12 40 58 65
61 9 46 61 71 88
94 31 94
93 93
30 30 62
67 50 67
19 19 41 60
91 91 95
82 77 82
98 98
86 86
15 15
27 27
70 70 81
53 53
47 47
84 84
38 38 55
22 22
6 6
5 5 25 89
10 10 90
56 13 56
52 52
26 26 49
85 21 85
34 34 92
1 1 83
11 11
28 28
33 33
64 7 64 66
29 29 43 79
23 23 74 99
51 51
20 20
37 18 37 44
80 45 80
36 2 36
42 42
69 69
96 16 96
76 76 100
