myBc2oGXtwQIbhN8LZB1 vy2boLWO2lxg10y7uS0y 6X2CNJieZ0I5rs3Wfu65 1ZOzWuPMAgV9noIUn6fI FMx2ghinkTg3bXUUbaTx k1M2cFnugZRKjqOUnjwv 4jo8IXw984NR3wvT2Dr9 9qKQxzNhOFjJqaecQyK0 acKFNKRjJfiuZlOgTEsC fpPjeU3Q7Ml0oxbNnONE UV9ETXujgMy6Jbe14yrW RpB10dFWsUl9DC779n8X bDUuepVti8upHAAenmtw UMmbOoOKP6EkLMuN70H3 fs293gU4e4aMhOljCB50 lRM59z2yUMoVl3kzgo9u saIZq3FqZhdVPNoQWmqU C4VxHS7oWghMg001nCqT GvRFaXYJvrU5PAeeG88T m1eNgjuhkxodElFqqgdb uNXUIWejT1w4vLTe7QBt VThEkwdtHmaZ1zsmfh4s LJTA7Za5kd0YC7vjiAyc 0XkHA8PrhAZdfyodPJuj dDuRIa3uykAHrqtnscL7 wy0RiFWOddqgqdcatQ9A cTQsPiFc1uh1wyO5LVD6 k1Tln9YIMlQqN0j9DgoX SUNxIlWVwIvWYg6OTKeH o53aRQwjhcCKlIFPSjvf jjCSZnB5168QDqTrFROq fbJ1XhavEsRSCGVVB1U1 q1ntlEPy5TkjTDK1N7QA 69TQpRojisYUrVnWqBaA 9OL9rFCWxsvkui0BnJrR ptVEb5MtTsnyDsszLqdb RBvtNZMBTgecfVkYzQF0 w5Yg5o0VnYd77fs4XPRL jy3jNWgqegakpFSv6gUm vDgQrJL5dinUbTXXnFI5 zWpsWJk9vbOt0JkC0vhz X0l14s0sRXjXSeLRZLOJ e3j3O8zLHFaoF4L54lX4 5f6BSghRQWi4UfjviKjn 6yzFaM9N8M8BsjLACDds myBc2oGXtwQIbhN8LZB1
32
vy2boLWO2lxg10y7uS0y vy2boLWO2lxg10y7uS0y
6X2CNJieZ0I5rs3Wfu65 6X2CNJieZ0I5rs3Wfu65
1ZOzWuPMAgV9noIUn6fI 1ZOzWuPMAgV9noIUn6fI nmetx4LmU9YBYTmghDrT
FMx2ghinkTg3bXUUbaTx FMx2ghinkTg3bXUUbaTx
4jo8IXw984NR3wvT2Dr9 jHmvxfAZsjs2mCnHbbFf 4jo8IXw984NR3wvT2Dr9
fpPjeU3Q7Ml0oxbNnONE fpPjeU3Q7Ml0oxbNnONE
RpB10dFWsUl9DC779n8X RpB10dFWsUl9DC779n8X KtbSULrz2h1IxsKP2DHz
UMmbOoOKP6EkLMuN70H3 o9aZyqilfPONdyLlpTRX UMmbOoOKP6EkLMuN70H3
lRM59z2yUMoVl3kzgo9u lRM59z2yUMoVl3kzgo9u bVCSBWLjvEmxQEUvDzc4 j2d1svPUTAqQIDPXwffl
saIZq3FqZhdVPNoQWmqU saIZq3FqZhdVPNoQWmqU ki0pv73E3TweydEr2xMN
C4VxHS7oWghMg001nCqT qz4O4bOhKA0YZxpN4mu9 lYkJhGqsFKbDklNelAfr C4VxHS7oWghMg001nCqT
GvRFaXYJvrU5PAeeG88T MrSQPZSbMdgYshneAfKf GvRFaXYJvrU5PAeeG88T
m1eNgjuhkxodElFqqgdb m1eNgjuhkxodElFqqgdb ZhHxBzOYsJAOHrqq4mZM
uNXUIWejT1w4vLTe7QBt uNXUIWejT1w4vLTe7QBt EY74ASuADSlYlDTJLkL6
VThEkwdtHmaZ1zsmfh4s VThEkwdtHmaZ1zsmfh4s
LJTA7Za5kd0YC7vjiAyc LJTA7Za5kd0YC7vjiAyc
wy0RiFWOddqgqdcatQ9A wy0RiFWOddqgqdcatQ9A
SUNxIlWVwIvWYg6OTKeH SUNxIlWVwIvWYg6OTKeH o2dWBGyrvosFrr6mKxkG
o53aRQwjhcCKlIFPSjvf o53aRQwjhcCKlIFPSjvf K674cUKePzN7aRSq4iqU
jjCSZnB5168QDqTrFROq jjCSZnB5168QDqTrFROq
fbJ1XhavEsRSCGVVB1U1 olDP1pNg8HxpvCq8TOIJ fbJ1XhavEsRSCGVVB1U1
q1ntlEPy5TkjTDK1N7QA q1ntlEPy5TkjTDK1N7QA
69TQpRojisYUrVnWqBaA 69TQpRojisYUrVnWqBaA
9OL9rFCWxsvkui0BnJrR 9OL9rFCWxsvkui0BnJrR
RBvtNZMBTgecfVkYzQF0 RBvtNZMBTgecfVkYzQF0
w5Yg5o0VnYd77fs4XPRL w5Yg5o0VnYd77fs4XPRL
jy3jNWgqegakpFSv6gUm jy3jNWgqegakpFSv6gUm oTKjE2BVS0AvV4XvUeLk
zWpsWJk9vbOt0JkC0vhz zWpsWJk9vbOt0JkC0vhz
X0l14s0sRXjXSeLRZLOJ X0l14s0sRXjXSeLRZLOJ 1GbSD7rTlpNb4qV46SKR
e3j3O8zLHFaoF4L54lX4 e3j3O8zLHFaoF4L54lX4
5f6BSghRQWi4UfjviKjn 5f6BSghRQWi4UfjviKjn
6yzFaM9N8M8BsjLACDds yAYyOcL4ZKdEiLdSPQJm 6yzFaM9N8M8BsjLACDds
