xse rsg ras ask ckx loj hbd zud phg lqm kfu aeu cen ego weo ask zdb qnj xnr qiq dkp nsw odh tko uwo bod yug qkp qdw zkt ljd gex tdu hat nbk ukv idv hmi vtd aeg dnl zkt lvm nmf pvs fzi lrj nfr rtc qwk wbg ksn fhv krr ils jfh ils miy kgl svk uau ttw byu nry cun kpp fjy vmv vzr ckt vmt hjv qbf rir ksg tlh ceo xjt vnr adx vvn xse
60
rsg rsg
ckx ckx
loj loj
zud zud
phg jam phg
kfu kfu
cen cen uok
ego ego
weo ybr fin
zdb zdb
xnr khu nwc
nsw nsw
tko qjf tko
uwo uwo
bod bod ogh
yug yug wyg
qkp nvz
qdw qdw
zkt zkt
ljd ljd tso cma
gex pjf gex
tdu tdu
ukv nii ukv
idv idv rjv
hmi hmi
vtd vtd
aeg aeg xeh
dnl qxs
lvm lvm fia
nmf ocp nmf
pvs vwg ikb pvs
fzi xme lwk fzi
lrj lrj bdh
nfr nfr
rtc txq rtc
qwk aii hpx
wbg wbg
fhv fhv
krr krr
ils hcr ils
jfh jfh
miy miy
svk mti svk
uau uau
ttw ttw bda ptu
byu byu ruo
nry nry bnl
cun nko cun
kpp kpp
fjy fjy
vmv vmv fbk
vzr vzr nhi jgt fyc
vmt uuw vmt emz
qbf qbf wiy
ksg ksg
tlh tlh
xjt xjt
vnr fgp
adx mok adx kxn dgl
vvn vvn
