Vernon Anaheim Industrial Meyers Cambridge Crestmont Bakersfield Sacramento Cabbage Northern Cressey Calaveras Smoke Lake Stockdale Robertsville Parchester Robertsville Woody Bonny Blue Le Huron Grasslands Bodad Bell Coddingtown Potrero Hoffman Dulzura Flinn Chittenden Fox Carmel Industry Ritter Yankee Calaveras Fullerton Balboa South Yurok Cudahy Armstrong Costa Yucca Bangor Smith Bangor Collins Downtown Ramona Rough Fiorini Patrick Sherman Cahuilla Hammer Temecula Vernon
51
Anaheim Anaheim Sulpizio
Industrial Industrial
Cambridge Cambridge
Crestmont Portola Crestmont Louis Beach Manker
Bakersfield Bakersfield
Sacramento Sacramento
Cabbage Cabbage
Cressey Tijuana Cressey
Calaveras Capuchino Calaveras
Smoke Buena Smoke
Lake Lake
Stockdale All Stockdale
Robertsville Robertsville
Parchester Quail Parchester Warner
Woody California Pleasant Woody
Bonny Bonny
Blue Cypress Del Blue Three
Le Winterhaven Le
Huron Cerro Huron
Grasslands Grasslands
Bodad Richvale Bodad
Bell Forbestown Brundage Bradley Bell Moores
Coddingtown Donner Coddingtown Escalon
Potrero Delta Potrero
Hoffman Wallace Kaiser Clayton Hoffman
Dulzura Dulzura Roseland
Flinn Glencoe Flinn
Chittenden Chittenden
Fox Fox
Carmel Helm Carmel
Industry Industry Marshall
Ritter Ritter
Yankee Veterans Yankee
Fullerton Fullerton
Balboa Balboa
South Strawberry South
Yurok Alamo Yurok Escondido
Cudahy Rowland Cudahy
Armstrong Sunny Armstrong Antelope
Costa Costa
Bangor Saint Bangor Santa
Smith Terra Smith
Collins Garcia Mecca Collins Civic
Downtown Davenport Downtown
Ramona Ramona
Rough Rough
Fiorini Timbuctoo Fiorini
Sherman Sherman
Cahuilla Presidio
Hammer Hammer
Temecula Temecula Pacheco
