Evans Cory Evans WursterHall Campbell Eshelman Marugame Gilman BotanicalGardens ClarkKerr DavisHall LewisHall SproulHall SatherGate GreekTheatre StrawberryCreek Plentea LatimerHall MLK LatimerHall Plentea Soda Artichokes Foothill HAAS Foothill Underhill RSF Underhill Blackwell ImmThai AshaTeaHouse HilgardHall Bowles Unit3 Spats Boalt Spats Unit3 Bowles KroeberHall Barrows HortonHall UniversityVillage HortonHall LeConte Moffit SouthHall Moffit HappyLemon HavilandHall BancroftLibrary Cornerstone ZellerbachHall Bowles KroeberHall Barrows Unit2 Stern Unit2 Barrows KroeberHall WursterHall Evans
35
Cory Cory
Campbell DurantHall Campbell
Eshelman Eshelman
Marugame Campanile ThaiNoodle
Gilman Gilman
BotanicalGardens BotanicalGardens
DavisHall DavisHall
SatherGate InternationalHouse GiauqueHall
GreekTheatre GreekTheatre CanyonPool
StrawberryCreek HearstMining Kresge
Plentea Doe SutardjaDai
MLK Dwinelle MLK HildebrandHall
Soda Soda
Foothill Foothill
HAAS BAMPFA Unit1 HAAS
RSF CaliforniaHall RSF
Blackwell Blackwell
ImmThai AlumniHouse
HilgardHall HilgardHall
Bowles Bowles
Unit3 Unit3
Boalt Boalt
KroeberHall Etcheverry
Barrows Barrows
HortonHall MemorialStadium
UniversityVillage Wheeler BerkeleyWayWest UniversityVillage
LeConte LeConte
Moffit Moffit
SouthHall SouthHall HesseHall
HappyLemon LawrenceHall
HavilandHall VLSB HavilandHall
BancroftLibrary BancroftLibrary
ZellerbachHall ZellerbachHall
Unit2 Unit2
Stern Stern
