Soda Doe LawrenceHall MemorialStadium InternationalHouse AlumniHouse GiauqueHall Etcheverry LeConte Wheeler BerkeleyWayWest Campanile Evans BAMPFA Evans BotanicalGardens HearstMining Dwinelle HearstMining HilgardHall CaliforniaHall Barrows Unit3 Campbell Unit3 Barrows CanyonPool Moffit DavisHall Stern HesseHall Unit1 Blackwell BancroftLibrary Unit2 Etcheverry LeConte Soda
22
Doe Doe Bowles
LawrenceHall GreekTheatre LawrenceHall
InternationalHouse InternationalHouse
LeConte LeConte Foothill
Wheeler Wheeler
BerkeleyWayWest BerkeleyWayWest
Campanile Campanile
Evans Evans
BAMPFA BAMPFA
HearstMining HearstMining
Dwinelle Dwinelle
HilgardHall Gilman
CaliforniaHall CaliforniaHall
Unit3 Unit3
Campbell Campbell
Moffit Moffit
DavisHall SouthHall
Stern Stern
Unit1 Unit1
Blackwell DurantHall
BancroftLibrary BancroftLibrary
Unit2 Unit2
