Loc76 Loc94 Loc78 Loc81 Loc96 Loc16 Loc39 Loc65 Loc41 Loc59 Loc43 Loc60 Loc6 Loc3 Loc21 Loc47 Loc17 Loc8 Loc29 Loc37 Loc67 Loc88 Loc90 Loc36 Loc19 Loc49 Loc54 Loc25 Loc7 Loc58 Loc74 Loc0 Loc32 Loc87 Loc139 Loc12 Loc83 Loc24 Loc64 Loc26 Loc76
40
Loc76 Loc11 Loc76 Loc80 Loc84
Loc94 Loc94
Loc78 Loc33 Loc78
Loc81 Loc18 Loc63 Loc81
Loc96 Loc40 Loc95 Loc96
Loc16 Loc16 Loc71
Loc39 Loc39 Loc86
Loc65 Loc28 Loc65 Loc72
Loc41 Loc27 Loc41 Loc57 Loc66
Loc59 Loc59 Loc98
Loc43 Loc20 Loc43 Loc50 Loc79
Loc60 Loc14 Loc34 Loc60 Loc91
Loc6 Loc6 Loc69
Loc3 Loc3
Loc21 Loc21
Loc47 Loc47 Loc77
Loc17 Loc17
Loc8 Loc8 Loc61
Loc29 Loc4 Loc29 Loc35 Loc82
Loc37 Loc37 Loc62
Loc67 Loc44 Loc67
Loc88 Loc45 Loc53 Loc88
Loc90 Loc15 Loc90
Loc36 Loc23 Loc36
Loc19 Loc19 Loc85 Loc99
Loc49 Loc49 Loc97
Loc54 Loc30 Loc54
Loc25 Loc1 Loc25 Loc42 Loc51 Loc75
Loc7 Loc7 Loc9
Loc58 Loc22 Loc56 Loc58 Loc68
Loc74 Loc46 Loc55 Loc74
Loc0 Loc0 Loc10 Loc31 Loc70
Loc32 Loc32 Loc92
Loc87 Loc87
Loc139 Loc5 Loc93
Loc12 Loc12 Loc38
Loc83 Loc13 Loc52 Loc83 Loc89
Loc24 Loc24 Loc73
Loc64 Loc2 Loc48 Loc64
Loc26 Loc26
