Horse0 Breakfast74 Ring45 Whale59 Shower11 Printer53 Mail88 Robot9 Dislike60 Body99 Water83 Dislike70 Towel37 Shower15 Rollers34 Websites17 Comics49 Whale22 Bird82 Whale22 Book41 Kitty14 Leash68 Water66 Shoe46 Printer75 BBQ86 Toilet1 Monster39 Websites81 Monster71 Rollers48 Shower15 Breakfast19 Running77 Water52 Cat13 Water52 Laptop36 Allergies4 Ice30 Prints23 Floppy63 Ice26 Towel35 Allergies3 Horse0
34
Horse0 Horse0
Breakfast74 Breakfast74
Ring45 Ring45
Whale59 Whale59
Shower11 Settings5 Shower11
Printer53 Printer53
Mail88 Mail88
Robot9 Robot9
Towel37 Towel37
Shower15 Shower15
Rollers34 Rollers34
Websites17 Websites17 Ice38
Comics49 Comics49 Dislike51 Post61 Plus62
Whale22 Whale22 Shelf25
Bird82 Bird82
Book41 Book41
Kitty14 Kitty14
Leash68 Leash68 Male84
Water66 Ice10 Toilet20 Water66 Bird93
BBQ86 BBQ86
Monster39 Monster39
Websites81 Websites81
Monster71 Monster71
Rollers48 Rollers48
Breakfast19 Breakfast19 Horse55 Soda57
Running77 Towel16 Running77 Ring97
Water52 Water52
Cat13 Cat13
Allergies4 Allergies4
Ice30 Ice30
Prints23 Prints23
Floppy63 Floppy63
Towel35 Towel35
Allergies3 Allergies3 Solar58 Flowers98
