S B P 4 U 29 30 31 32 33 37 36 35 34 28 N M 6 Z 5 I B2 G2 L2 Q2 L2 M2 N2 I2 D2 E2 F2 K2 P2 O2 U2 A3 B3 57 62 57 A2 57 62 68 82 Y3 X3 D3 C3 107 105 R3 105 107 C3 W3 80 66 60 55 Z3 Z2 Y2 X2 W2 72 129 58 M3 N3 U3 59 65 N3 M3 78 75 92 97 92 H3 84 71 64 P3 F3 E3 J3 O3 J3 E3 127 Q3 Q 17 12 7 G W O 2 K J E A S
58
S F
B B
P P T
4 C
U D U
N N V
M M
Z Z
5 H Y
I I
B2 B2 C2
G2 G2
L2 L2
Q2 Q2
M2 H2 M2 R2
N2 N2 T2
I2 I2
D2 D2
E2 E2 J2
F2 F2
K2 K2
P2 P2 V2
O2 O2
U2 U2
A3 A3
B3 B3
A2 A2
Y3 Y3
X3 X3
D3 D3 I3
C3 C3
R3 R3 T3
W3 W3
Z3 Z3
Z2 Z2
Y2 Y2
X2 R X2
W2 W2
M3 M3
N3 N3 V3
U3 U3
H3 H3 L3
P3 P3
F3 F3 K3
E3 E3
J3 J3
O3 O3 G3
Q3 Q3
Q Q
7 L
G G
W W
O O
2 X
K K
J J
E E
A A
