0 21 83 40 3 145 84 161 162 163 164 165 166 167 168 169 170 171 172 173 174 175 176 177 178 179 180 181 182 183 184 185 186 185 184 183 182 181 180 179 178 177 176 175 174 173 172 171 170 169 168 167 166 165 164 163 162 161 44 140 117 128 43 66 108 53 85 119 57 12 72 95 129 121 124 69 103 120 69 188 189 190 191 192 193 194 195 196 197 196 195 194 193 192 191 190 189 188 69 126 0
62
0 13 22 51 54 61 68 77 80 135 143 146 157
21 56 73
83 2 5 60 83 101
40 24 59
3 3 19 62 107 142
145 145 160
84 36 118
161 34
162 162
163 163
164 164
165 165
166 166
167 167
168 168
169 169
170 170
171 171
172 172
173 173
174 174
175 175
176 176
177 177
178 178
179 179
180 180
181 181
182 182
183 183
184 184
185 185
186 186 187
44 44 133 151 153
140 65 94 140
117 102
128 86
43 43 47 155
66 66 148
108 28 31
53 53
85 35 67
119 7
57 112
12 12
72 72 159
95 95
129 129
121 121 122
124 124
69 69
120 120
188 188
189 189
190 190
191 191
192 192
193 193
194 194
195 195
196 196
197 197 198 199
