hdpxs cihba htkwy frhgc lmwpk qsmkj utdhx uzybk oclyb tudbo gdovn wcjeg zntkr gvfpj xlrzc jcwpu joztf cxajk aedvq pihld mujil kzwah qpbmc wkbuf pfeuc lnjxt ymcfp zqjxb uklga rjuxc tgeks bdevm ypdnb rzvtg zcjqx pytwh tfcam uiogl ktzce ohzfn bwknx wotiq sxdiu hwmzn nqtru rlumh vgwoi yazqf dbjxw qzasm ahnds mhekz tkwle bkfuc olqfv pgqva lpudv syoxf oewcd maqho qbdwz lvqun btwzv vobqh rqenc rjdai qhibx xzgdq mtcsd awhmz oxitr hdpxs
59
cihba cihba wnelr osxbc
htkwy bsvth htkwy
frhgc frhgc rchbw
lmwpk lmwpk amfiz
qsmkj qsmkj vcwfj
utdhx utdhx
gdovn gdovn
wcjeg wcjeg
zntkr tndwl zntkr
xlrzc xlrzc
jcwpu jcwpu kscoz
joztf joztf
cxajk evtgj cxajk
aedvq aedvq
pihld pihld xcvow
mujil mujil
kzwah kzwah
qpbmc qpbmc
wkbuf wkbuf kjihy
lnjxt lnjxt
ymcfp ymcfp
zqjxb zqjxb jhlus
uklga qckjp uklga
rjuxc rjuxc
tgeks ehqyk
bdevm bdevm ebwcp
ypdnb ypdnb fjdqi
rzvtg rzvtg oxuqn ayrgb
zcjqx yqfdk zcjqx
pytwh gstwp pytwh
tfcam xnpwq wdquv
uiogl uiogl
ktzce ktzce
ohzfn dkjro iyuas ohzfn
bwknx bwknx
wotiq wotiq
sxdiu sxdiu
hwmzn hwmzn
nqtru nqtru tmwdy
rlumh rlumh mlibf
vgwoi vgwoi
yazqf yazqf
dbjxw yqtob dbjxw
ahnds cqsby ahnds
mhekz gufvs mhekz syoxv
tkwle tkwle armnk
bkfuc bkfuc
pgqva pgqva
lpudv gdnim lpudv yvbse evsbm
syoxf stflc syoxf
oewcd oewcd mhuad tjake cxdes osvgp
maqho maqho
qbdwz wajol qbdwz
btwzv btwzv
vobqh vobqh qhvsb drojn
rjdai rjdai
qhibx qhibx
mtcsd oaeyh mtcsd
oxitr oxitr
