Hayward Shreveport Seaside CapeCoral Mesquite Anchorage Utica Anchorage OverlandPark Youngstown Fullerton Duluth Spartanburg LakeCharles Boulder Phoenix BatonRouge Plano VeroBeach PembrokePines VeroBeach CostaMesa Lubbock Milwaukee StPaul Scranton Arvada Tyler Arvada Melbourne Lubbock Bryan HavredeGrace PuntaGorda HavredeGrace Bryan NewYork Monroe Escondido Independence Columbus Anaheim Eugene Torrance Newburgh Waterbury Victorville Scottsdale Lorain RoundLakeBeach Independence Cincinnati NewYorkCity Henderson Topeka Downey Kaneohe StLouis Norwalk Huntsville Kissimmee Marina PortArthur Marina PortArthur Reno Shreveport Hayward
48
Shreveport Bethlehem NorthLasVegas Hartford
Seaside Elkhart
CapeCoral CapeCoral Bloomington
Mesquite Mesquite
Anchorage Anchorage Fresno
Utica Norwich Utica
OverlandPark Greenville OverlandPark Louisville
Youngstown Barnstable Hagerstown Bakersfield
Fullerton Laredo Flint Fullerton
Duluth GrandRapids Duluth Detroit GreenBay ElPaso SaintPaul
Spartanburg Spartanburg
LakeCharles LakeCharles
Plano Plano
VeroBeach PalmBay Stamford Marysville SantaClara Aberdeen
PembrokePines Pueblo Racine LasVegas Layton
Lubbock Charlotte Lubbock
Milwaukee McAllen
StPaul CorpusChristi Savannah CathedralCity
Scranton Scranton HuntingtonBeach
Arvada Arvada
Tyler Tyler Nashua
Melbourne Melbourne
Bryan Birmingham Newark
HavredeGrace JohnsonCity HavredeGrace
PuntaGorda PuntaGorda Hemet Modesto Mobile
NewYork Tucson Kalamazoo
Monroe Monroe
Escondido Harlingen Champaign
Columbus Columbus SiouxFalls
Anaheim SanBuenaventura Anaheim
Eugene Eugene Boise
Torrance Albuquerque Oxnard Torrance
Newburgh Newburgh
Waterbury Waterbury
Scottsdale Omaha Scottsdale
RoundLakeBeach RoundLakeBeach
Cincinnati Cincinnati
NewYorkCity NewYorkCity
Henderson Henderson Vancouver
Topeka Topeka
Downey Deltona Salem Downey
StLouis StLouis
Norwalk Burlington NewBedford
Huntsville ThousandOaks Olympia Huntsville
Kissimmee Kissimmee
Marina NewportNews Marina Frederick Hialeah
PortArthur RichmondCounty Lacey
Reno York Ogden
