AndyandZeyu h AndyandZeyu i8 AndyandZeyu g6 h6 AndyandZeyu g1 AndyandZeyu f3 g3 i3 AndyandZeyu f6 AndyandZeyu j1 AndyandZeyu i6 AndyandZeyu j8 f8 AndyandZeyu f j c AndyandZeyu f0 g0 AndyandZeyu i1 AndyandZeyu b4 i4 b4 AndyandZeyu e5 h5 j4 f5 AndyandZeyu AndyandZeyu7 j6 c7 h7 d7 e7 g7 i7 AndyandZeyu f2 e2 f2 h2 j2 AndyandZeyu
32
AndyandZeyu h1 g2 g4 f7
h h
i8 i8
g6 j5 g6
h6 h6
g1 g1
f3 f3
g3 g3 h3 j3
i3 i3
f6 f6
j1 f1 j1
i6 i6
j8 j7 j8
f8 f8 g8 h8
f f
j g i j
f0 f0 h0 i0 j0
g0 g0
i1 i1
i4 f4 h4 i4
e5 g5 i5
h5 h5
j4 j4
f5 f5
j6 j6
h7 h7
g7 g7
i7 i7
f2 f2
e2 i2
h2 h2
j2 j2
