ssp200 13 10 2 8 6 5 4 3 7 2 12 11 12 2 181 17 25 17 29 17 24 17 27 26 27 17 181 122 134 122 130 133 130 122 127 123 124 125 126 128 122 181 47 59 47 52 48 49 50 51 53 47 55 58 55 47 181 107 119 107 113 111 110 109 108 112 107 181 77 89 77 82 78 79 80 81 83 77 87 86 87 77 181 17 22 18 19 20 21 23 17 181 62 74 62 72 71 72 62 70 62 68 66 65 64 63 67 62 181 137 144 137 149 150 149 137 147 146 147 137 143 141 140 141 143 137 181 167 179 167 173 171 170 171 173 167 181 92 98 96 95 94 93 97 92 102 101 102 92 100 103 76 103 100 92 104 105 104 92 181 32 44 32 38 36 35 34 33 37 32 181 152 164 165 164 152 158 156 155 154 153 157 152 162 161 162 152 160 163 136 163 160 152 181 182 194 182 190 193 190 182 192 191 192 182 188 186 185 186 188 182 181 2 14 15 14 2 10 13 ssp200
77
6 6
5 5
4 4
3 3
11 11
29 29 30
26 26
122 131
134 134 135
123 123
124 124
125 125
126 126
47 56
59 59 60
48 48
49 49
50 50
51 51
107 116
119 119 120
111 111
110 110
109 109
108 108
89 89 90
78 78
79 79
80 80
81 81
86 86
18 18
19 19
20 20
21 21
74 74 75
71 71
66 66
65 65
64 64
63 63
149 149
150 150
146 146
141 141
140 138 139 140
167 168 176
179 179 180
171 171
170 169 170
96 96
95 95
94 94
93 93
101 101
104 104
105 105
32 41
44 44 45
36 36
35 35
34 34
33 33
164 164
165 165
156 156
155 155
154 154
153 153
161 161
182 183
194 194 195
191 191
186 186
185 184 185
14 14
15 15
