Granbull Electrode PorygonZ Geodude Altaria Sylveon Luvdisc Feraligatr Staravia Tsareena Rapidash Munna Binacle Furret Gliscor TypeNull Cubone Butterfree Relicanth Unown Kirlia Lunala Kirlia Jolteon Buizel Salandit Glalie Skrelp Jirachi Azurill Krookodile Corphish Rufflet Quilava Skitty Glaceon Mawile Spinda Floatzel Regirock Swanna Absol Tirtouga Carbink Metagross Mudsdale Staryu Machamp Happiny Magmortar Happiny Machamp Heatran Heliolisk Metapod Conkeldurr Granbull
46
Electrode Electrode Flygon
PorygonZ Grumpig PorygonZ
Geodude Chinchou Ninjask Typhlosion
Altaria Ampharos Malamar
Sylveon Bonsly Sylveon
Luvdisc Luvdisc
Feraligatr Feraligatr
Tsareena Tsareena
Rapidash Floette
Binacle Torracat Binacle Serperior Exeggcute
Furret Reuniclus Magmar
Gliscor Gliscor
TypeNull TypeNull
Cubone Cubone Probopass
Butterfree Butterfree Beedrill
Relicanth Budew Relicanth
Unown Unown Electrike
Lunala Whimsicott
Jolteon Rockruff Jolteon Bergmite Lapras
Buizel Buizel
Glalie Mimikyu Charizard Glalie
Skrelp Mightyena
Jirachi Jirachi Carnivine
Azurill Cosmog Crawdaunt
Krookodile Cascoon Krookodile
Corphish Corphish
Rufflet Arbok Lampent Rufflet
Quilava Quilava Whiscash Crabominable
Skitty Kangaskhan Skitty
Mawile Mawile Trumbeak
Spinda Spiritomb Spinda Blissey
Floatzel Floatzel
Regirock Torchic
Swanna Swanna Darkrai
Absol Absol Hitmontop Lileep
Carbink Reshiram Infernape Bronzor Carbink
Metagross Metagross
Mudsdale Greninja Mudsdale Pidgeot Vivillon
Staryu Dustox Heatmor Deoxys Nuzleaf
Machamp Remoraid Machamp Torkoal
Happiny Slakoth Happiny Chatot
Magmortar Goomy Magmortar
Heatran Heatran Charmander Golbat
Heliolisk Cinccino Mantine Raichu Lycanroc
Metapod Diggersby Metapod Chespin
Conkeldurr Roserade
