Soda Burkina Soda Bahamas Croatia Republic Burundi Congo Luxembourg Argentina Singapore Saint Korea Barbados American Latvia Japan Sudan Brunei Fiji Djibouti Finland Mozambique Macao Australia Burkina Soda
23
Soda Cambodia
Burkina United Malawi Burkina
Bahamas Indonesia Bahamas Mexico
Croatia Sint Sao Croatia
Republic Antigua Algeria Liberia Republic
Burundi Burundi
Congo Congo
Luxembourg Luxembourg
Argentina Argentina Pakistan Northern
Singapore Lebanon Rwanda Mayotte Singapore
Saint Saint New
Korea Aruba Korea British Egypt
Barbados Albania
American Jamaica Kyrgyzstan
Latvia Hong Moldova Latvia
Japan Japan Pitcairn
Sudan Ireland Lao
Brunei Palau Belize
Fiji Fiji Netherlands
Finland Finland Kiribati
Mozambique Niger Nigeria
Macao Macao
Australia Iraq
