369 11b0b 3d62 dda9 9975 62e5 c261 14e32 110d0 4b06 1476 f21f 4e6f f588 17df 121dd a047 14ac9 132ea 1519b 8bd1 2583 bb8f eb4d 84ff 960c 664e 221a da4 221a 7e2d 69b7 9cde 1eb1 e7e4 13d25 13653 10d67 d6d7 da40 6d20 11439 2fbe c933 bef8 8f3a 5f7c e47b a719 51d8 eeb6 c5ca adeb 369
37
11b0b 11b0b
dda9 dda9
9975 b4bd
62e5 62e5 d005
c261 2c55 c261
14e32 14e32
110d0 110d0
4b06 4b06
1476 1476
4e6f 4e6f
121dd 4434 121dd
a047 a047
14ac9 14ac9
132ea 132ea 139bc
8bd1 8bd1 ffc3
2583 2583
bb8f bb8f d36e 1408e 14760
84ff 84ff
960c 960c
664e 664e
221a 221a
da4 da4
69b7 69b7
9cde 9cde
1eb1 1eb1 3327
e7e4 e7e4 10695
13d25 128af 13d25
13653 13653
10d67 10d67
d6d7 d6d7
da40 da40
6d20 6d20
2fbe 2fbe
c933 a3b c933
e47b e47b
51d8 51d8
eeb6 eeb6
