0 1 19 3 9 3 19 1 12 26 120 121 122 123 124 125 126 127 128 129 128 127 126 125 124 123 122 121 120 26 12 63 12 1 0 60 0 7 2 5 50 5 2 7 0 8 4 43 4 10 6 10 4 16 24 61 24 16 4 8 11 8 0 80 81 82 83 84 85 86 87 88 89 90 91 92 93 94 95 96 97 98 99 100 101 102 103 104 105 106 107 108 109 110 111 112 113 114 115 116 117 118 119 80 0
43
0 14 29 30 33 44 52 66 71 79
1 1 18 21 28 45 58 62
19 19
3 3 13 17 27 32 41 49 54
9 9 35 48 68
12 12
26 26
129 129
63 63
60 60
7 7 25 59
2 2 23 42 55 56 67 70 72 77
5 5 37 39 78
50 50
8 8 51 57 65 75
4 4 15 38 47 69
43 43
10 10 36 40 74
6 6 20 31 34 53 73
16 16
24 24
61 61
11 11 22 46 64 76
80 80
82 82
84 84
86 86
88 88
90 90
92 92
94 94
96 96
98 98
100 100
102 102
104 104
106 106
108 108
110 110
112 112
114 114
116 116
118 118
