USZWPSB GALHVZ YVIRIDDRA ZEZKNGTK MWXYLX EFOWXJQKY DIXXP GNXDBJSVR NIVCBBO RGSOR JEGRK DKINCMT FLOTLYFG XODUVJHE EHQRYBZ RGLCPSJQE MRXNI HSJUMJH EMAAQWO FXTET VWNAJFRNG XSWDY XENTNT YOUZA GEGFOSJ FZGDAQKRC VFEEU TTXGTNV SICVXMLGL KRUSUHB JQHORKB JVWIZDBS PJXURKPC FCWRH UBODMUMJ GMRFZFR CCTJZN HWJUZVNH ORCMU XHMMLM VVSNO AXCWU FGSPX YFEZIO FZNKCK AHZYCQM SLZXPPYMC SIAFKK MQSJLQ EQHJF NZJGYK UDNWTRHT XZUPVI FJQMKJNWE ZKGYGD OZFZCKVUN KAUIIR LNDUQDYSK NCPEGX MWXYLX USZWPSB
55
USZWPSB USZWPSB HVERBTBS
GALHVZ MSHZNEX GALHVZ
YVIRIDDRA YVIRIDDRA
ZEZKNGTK ZEZKNGTK NHNDWOH
MWXYLX MWXYLX AIGGLZT
EFOWXJQKY EPJHOESBB EFOWXJQKY
DIXXP DIXXP
GNXDBJSVR GNXDBJSVR WEXBJV
NIVCBBO BHAMV EJXSCSGM NIVCBBO RUGMYM
RGSOR BLXWCB HNOOUELP APIOYKU RGSOR
JEGRK FPWMJC JEGRK
DKINCMT TGPYEAP DKINCMT
FLOTLYFG FLOTLYFG
EHQRYBZ JOXQIX EHQRYBZ
RGLCPSJQE RGLCPSJQE VBAQD ANHOTJN
MRXNI MRXNI LYRSZA
HSJUMJH HSJUMJH
EMAAQWO EMAAQWO AOVKACB ACYPAPBPW
FXTET NBRZI
VWNAJFRNG QMHLIXVD VWNAJFRNG
XSWDY XSWDY
XENTNT XENTNT RBNAR RVPJHZLQQ
YOUZA YOUZA
GEGFOSJ GEGFOSJ ILXWSRIC
FZGDAQKRC FZGDAQKRC
VFEEU RLWAP APBFJMOOF VFEEU
TTXGTNV TTXGTNV OVKLH
SICVXMLGL SICVXMLGL OLUPAJLP
KRUSUHB KRUSUHB
JQHORKB JQHORKB
JVWIZDBS JVWIZDBS
PJXURKPC TOAKXEQ PJXURKPC
FCWRH FCWRH
UBODMUMJ UBODMUMJ
GMRFZFR CWLLCM JXLFSOAT
CCTJZN CCTJZN WTQCHXQ
HWJUZVNH RJDHJFNIN HWJUZVNH
ORCMU ORCMU
XHMMLM XHMMLM
VVSNO DFFFG VVSNO
AXCWU AXCWU
YFEZIO NTZSZ YFEZIO
FZNKCK RQWCFDHW FZNKCK
AHZYCQM AHZYCQM BCHOPGEE
SLZXPPYMC TQSCIQTX YKOGGTNN
SIAFKK SIAFKK
NZJGYK NZJGYK MOXGRP
UDNWTRHT HSAIPP UDNWTRHT XQOMNCXDB YAETAC
XZUPVI XZUPVI
FJQMKJNWE FJQMKJNWE
ZKGYGD ZNZOQPE VWHRKOPZ ZKGYGD
OZFZCKVUN HEFYBKPUF
KAUIIR KAUIIR MYDTJZPES
LNDUQDYSK LNDUQDYSK GLYDZ
NCPEGX NCPEGX
