Building65 Building66 Building44 Building36 Building44 Building41 Building35 Building38 Building35 Building41 Building44 Building33 Building60 Building63 Building62 Building59 Building7 Building8 Building1 Building28 Building24 Building18 Building20 Building27 Building23 Building22 Building53 Building51 Building54 Building51 Building53 Building22 Building24 Building18 Building13 Building14 Building12 Building88 Building90 Building84 Building90 Building88 Building12 Building14 Building29 Building95 Building92 Building94 Building97 Building94 Building70 Building77 Building73 Building82 Building73 Building77 Building70 Building67 Building68 Building80 Building68 Building67 Building66 Building65
34
Building66 Building64 Building83 Building99
Building44 Building44
Building36 Building36 Building46
Building41 Building41
Building35 Building35 Building42
Building38 Building37 Building45
Building33 Building33
Building60 Building57 Building58
Building63 Building61
Building59 Building59
Building7 Building3 Building4
Building8 Building8
Building1 Building1
Building28 Building25 Building31
Building24 Building24 Building32
Building20 Building20 Building30
Building27 Building27
Building22 Building22
Building51 Building51 Building55
Building54 Building54
Building13 Building11 Building13 Building16
Building14 Building10
Building88 Building88
Building90 Building91
Building84 Building84
Building29 Building15
Building92 Building92
Building94 Building94
Building97 Building96 Building97
Building70 Building76
Building77 Building79 Building81
Building73 Building73
Building82 Building71 Building82
Building80 Building80
