140 32 177 61 34 134 175 84 123 77 165 25 132 150 50 107 102 13 67 157 23 65 23 157 67 13 122 51 122 56 150 71 162 172 181 81 127 168 158 5 11 19 180 22 112 111 2 148 186 146 190 93 97 120 185 133 28 123 153 140
44
140 135
32 32 115
177 177
61 9 61
134 42 59 101 134 167
175 7 89 175
84 57 84
123 73 123 176
77 12 77 170 193
165 18 96
25 25 104 151
132 132
150 8 27 150
50 44 50
107 10 196
102 102
13 13
67 117
23 154
65 65
51 51
56 56 130 159
162 4 36 47 76 103 169 182
172 49 166
127 127
168 29 168 179
158 95 158 160
5 5 45 82
11 11 79
19 19 21 53 139
180 6 41 83 85 142
22 22 178
112 14 62 112 125
2 55
186 186
146 94 146
190 190
93 39 93 173
97 97
120 35 197
185 128 185
133 40 80 114 133
28 108
153 153
