TA0 TA99 TA0 TA10 TA9 TA8 TA7 TA18 TA19 TA20 TA46 TA45 TA46 TA47 TA48 TA84 TA85 TA24 TA23 TA22 TA71 TA72 TA30 TA31 TA42 TA31 TA32 TA58 TA32 TA33 TA12 TA38 TA47 TA50 TA51 TA40 TA41 TA90 TA18 TA7 TA73 TA62 TA63 TA62 TA73 TA74 TA75 TA76 TA77 TA35 TA36 TA25 TA26 TA27 TA79 TA80 TA81 TA82 TA54 TA10 TA0
39
TA0 TA1
TA99 TA99
TA10 TA10 TA59
TA9 TA9
TA8 TA8 TA49 TA92
TA7 TA6 TA7
TA18 TA18
TA19 TA19
TA20 TA21
TA46 TA46
TA45 TA94
TA47 TA47
TA48 TA48
TA84 TA84
TA85 TA85 TA86
TA24 TA24
TA23 TA23
TA71 TA71
TA42 TA42
TA32 TA32 TA61
TA58 TA58
TA33 TA33
TA12 TA12
TA38 TA38 TA39
TA50 TA50
TA40 TA40
TA90 TA89 TA90
TA73 TA73
TA62 TA62
TA63 TA63 TA64
TA76 TA76
TA35 TA35
TA36 TA36
TA25 TA25
TA26 TA26
TA27 TA27 TA28 TA56
TA80 TA80
TA81 TA81
TA54 TA54
