0 69 65 43 10 184 10 9 21 39 61 176 178 72 77 72 37 66 46 68 73 68 33 55 5 7 164 60 57 82 57 42 76 63 28 60 54 31 11 15 8 16 83 38 30 100 59 3 99 23 188 148 1 29 70 49 87 19 69 62 0
44
0 0 52 58
69 69
65 53 65
43 43
10 10
9 9 44
21 21 24 34 71
39 39
61 61
72 41 72
77 77
37 36 37 47
66 35 45 66
46 46
68 68 75 78
73 26 73 74
33 33
55 12 55 56
5 5
7 7
60 4 60
57 57
42 22 42
76 48 64 76
63 63
28 28
54 17 18 54
31 31
11 11 25
15 15 51
8 8
16 16 20
38 14 38
30 30
59 2 59 67
3 3 32
99 50
23 23 27
1 1
29 29
70 70
49 13 49
19 6 19
62 62
