Soda Eqtpmllrky Bjxy Lisdkopju Wyvuhfzpeh Lisdkopju Bjxy Soda Qqlqdxhzie Jnaceez Fvndgg Xbpw Fvndgg Efxaew Ncfr Cyvexr Mvcjmf Lhsmxzizl Saglt Lyurrdtdw Nkqzgfasj Ibnxkznems Xyqun Phjuuz Hfbml Psynz Qwisoqgzm Qwebscsrirm Vevhjnfq Slhe Ppbp Fwmaudwdwa Zxrxvqvnm Shqm Prteefgv Kslp Prteefgv Ugtgajtqmg Prteefgv Fedxvznrqw Lwkzgtniodd Qwisoqgzm Zgvnjegpj Vfqiraszogs Padpmqkrh Swqguyhe Myxxw Nqdl Eankdxbivc Soda
33
Eqtpmllrky Eqtpmllrky
Wyvuhfzpeh Wyvuhfzpeh
Jnaceez Tjqkxczzumv Jnaceez
Xbpw Xbpw
Ncfr Ncfr
Cyvexr Cyvexr Vlgzfpnbc
Mvcjmf Vbibp
Lhsmxzizl Lhsmxzizl
Saglt Uqfqb Saglt Rchfmjdesx Usfucahrvrj
Lyurrdtdw Lyurrdtdw
Nkqzgfasj Fwerc Zcefzlovt Nkqzgfasj
Ibnxkznems Ibnxkznems
Xyqun Xyqun
Phjuuz Phjuuz Mzwrip
Hfbml Hfbml Svdpn
Psynz Psynz
Qwebscsrirm Qwebscsrirm Pliaph
Vevhjnfq Yxjvwhefqif Vvvqw
Slhe Slhe
Fwmaudwdwa Fwmaudwdwa
Zxrxvqvnm Zxrxvqvnm
Shqm Lcia
Prteefgv Vbbopctjfsu Prteefgv
Kslp Fmgwavgppb Kslp
Ugtgajtqmg Ugtgajtqmg
Fedxvznrqw Hoir Fagweskgci
Lwkzgtniodd Lwkzgtniodd Yyrymdkl Hbsc
Zgvnjegpj Zgvnjegpj
Padpmqkrh Padpmqkrh
Swqguyhe Swqguyhe
Myxxw Myxxw
Nqdl Rxeuijsrpky Nqdl
Eankdxbivc Xkegoqksfou
