m6 j6 g9 j9 h9 v7 n2 w8 q3 l7 z2 a8 d7 l4 q7 e9 d4 b3 l5 g6 j3 r7 e3 a9 m4 z9 j4 q4 w8 q1 q8 j1 q6 n2 j8 v4 h8 z8 k8 e5 c2 l2 h4 n6 x7 f7 e6 m6
44
m6 k7 m6 r4
g9 g9 j5
j9 b9 j9
h9 h9 w1
v7 g0 x5 v1
n2 b8 n2
w8 e2 k2 w8
q3 q3
l7 c3 l7
z2 d3 f4
a8 a8 n7 r1
d7 a1 v6
l4 c0 c9 f5 n3 l4
q7 q7
e9 e9 k9 x9
d4 d4 l0
b3 b3 g8 j0 l8
l5 a5 f1 k4 l5
g6 g6
j3 h1 j3
r7 d5 r7
e3 e3 j2
a9 a9
m4 m4
z9 z9 r8
j4 j4 w9
q4 h7 n8 q4
q1 c5 q1
q8 q8
j1 j1 r2
q6 q6 y0
j8 f6 j8 v0 w2
v4 v4
h8 h8
z8 b0 z8 m8
k8 k8 z3
e5 d0
c2 c2 n5
l2 l2 l6 q0
h4 h4
n6 n6
x7 a6 e1 k0 x7 w3 r3
f7 a0 f7 g2
e6 e6 x1
