144 47 28 133 25 141 119 99 152 8 79 17 123 122 135 132 73 16 13 110 114 88 114 44 78 21 126 143 106 173 14 90 83 12 67 124 74 159 142 157 6 87 103 42 76 24 108 24 104 130 75 39 166 175 188 29 93 136 49 60 144
44
47 47
28 11 19 28 158
133 133
25 18
141 141
119 51 119 187
99 95 99
152 92 152
8 8
79 79
122 3 66 122 165
132 132
16 16 62
13 13
110 110
114 112 114
88 88
44 44
78 78
21 21
126 126
106 106
14 14
90 90 107 169
83 53 83 174
67 67 170
124 124
74 74
159 70 147 159 183
142 142
157 157
87 87
42 42
76 76 131
24 24
108 43 108
104 104
130 130 156
75 75
39 39
188 188
93 7 93 128
136 136
49 49 64 120 127
