0 51 33 94 68 192 45 32 118 110 7 168 128 32 177 52 83 2 126 9 142 179 46 39 161 122 67 14 30 12 127 63 183 76 1 164 0
34
0 13 21 56 103 150
51 5 38 51 73 77 87 105 115 130 136 152
33 35 71 100 131 132
94 59 94 97 121 189
68 68 79 178
192 23 27 29 42 64 91 140 172 192
45 22 45 47 194
32 24 93 195
118 66 85 146 170 193
110 28 99 108 110 162
7 31 34 50
168 101 168
128 49 72
177 155 175 177
52 44 52
83 139
2 2 120 133
126 126 141
142 142
179 179
46 46
39 39 186
161 104 149
122 10 62 82 143
67 67
14 14 26
30 30
12 12 78
127 127
63 63 163
183 11 183
76 76
1 1
164 164
