0 198 118 155 0 55 57 112 16 48 108 48 16 122 124 157 41 36 160 131 91 140 2 33 199 164 85 135 59 135 18 106 191 85 49 186 67 23 91 17 128 119 194 65 148 64 81 101 75 38 145 100 51 100 145 136 178 55 57 134 114 143 141 169 21 77 56 58 129 58 31 182 73 182 12 176 10 109 185 35 32 9 187 72 93 153 178 55 0
55
0 13
198 83 198
155 137
55 24 55 92 94
57 57 138
112 112 172 188 195
16 16
108 108
124 26 124
157 45 157
41 41
36 39 71 166 167 170 189
160 160
140 14
2 2
164 164
85 85
59 59 74 152
106 106 147 196
191 68
49 49
186 89 97 150 186
67 27 67
23 23
128 3 52 99 123
119 119
194 43 132
65 104
148 148
64 64
81 107
101 101
38 38 125
100 100
51 51 102
114 1 103
143 11 46 90 105 142 143 175 197
141 95 141
169 66 86 169
21 21
77 77
56 56
58 19
129 129
182 182
73 73
12 12 69 161
176 176
10 10 20
185 185
35 35
32 50
9 9 139
72 72
153 29 82
