199 24 10 151 197 28 158 71 2 27 19 27 2 71 153 25 113 1 105 133 182 103 81 16 198 138 89 138 30 138 89 149 87 149 121 178 93 178 50 178 93 47 46 176 189 96 164 55 83 38 83 55 94 62 183 122 84 122 183 62 94 55 164 60 20 61 57 11 189 176 46 47 129 22 63 68 159 80 45 104 45 80 159 35 182 103 177 7 29 7 160 51 77 105 133 182 103 177 41 157 31 157 115 167 78 119 156 86 65 86 156 119 4 119 156 163 49 142 26 142 146 174 40 144 186 58 192 74 173 167 115 157 41 177 103 197 151 10 24 199 82 199
61
24 24
10 10
28 28
71 71
2 2
27 27
19 19 70
25 25 69
1 1
133 12 91
103 34 67 98
81 43 81 92
16 16 37 48
89 89
30 30
87 87
93 56 93
50 13 50
47 36 47
46 6 46 72
176 54 88
189 95
96 9 96
55 3 18 55
83 21 73 83
38 38 79
94 94
62 15 62
183 52
84 32 84
60 44 60
20 20
61 61
57 57
11 11 59
22 22
63 63
68 68
159 64
80 80
45 45
104 85 99
35 35
177 23
7 7
29 29 39 90
51 51
77 77
41 41
31 31 97
78 78
86 14 66 86
65 5 8 42 65 76
4 4
163 17 53 75
49 0 49
26 26
40 33 40
58 58
74 74
82 82
