AlbertFredHaines JuanitaPhilipParsons DeeAmandaBartley BernicePennyRiddick JimmyFlorTasson DorisJeffreyBinger StevenNeilNguyen GlennaMichaelBorden ElizabethNellieMcmil BrettDominickSonnier JuliaMarySmith PerryJamesBennett BarbaraFranciscoHard JamesJordanZamora HeidiMayJohnson RonaldEdnaArant BradleyDeborahSaball StormyOllieYork JoshuaDelmarFellers TylerShawnBeasley JohnRichardSmith DenaJewellDavis DebraJaneFitzgerald WilliamDavidGray VivianRoyMartin ZacharyWarrenKarth MarciaWalterKirschma JohnDarrellThomas WillieRobertSimon WadeSonnyMcbride HowardKennethCollins AnnDeannaLarzazs AllysonFlorenceSprin ElmerDemetriusLark JannaDavidCarranza KellyJohnnaOles TravisMichelleMeller JeremyJamesChavez AlbertFredHaines
34
AlbertFredHaines AlbertFredHaines JoannCharlieWilkinso
JuanitaPhilipParsons KevinThomasHiggins LawrenceBarryHadden
DeeAmandaBartley DeeAmandaBartley RosaPatrickYankey
BernicePennyRiddick DwainJoeFeldman BernicePennyRiddick GaryCharlesHudson JudeJanetHarcourt SandraHarryStewart
JimmyFlorTasson JimmyFlorTasson MichaelMarkHolloway
DorisJeffreyBinger DorisJeffreyBinger
StevenNeilNguyen StevenNeilNguyen StephenWilliamCoffma CynthiaConnieWright
GlennaMichaelBorden GlennaMichaelBorden IsaacGregGargano JoStephenMay
ElizabethNellieMcmil JudyPearlineKaminski
BrettDominickSonnier ClaudeBobbyBaker BrettDominickSonnier
JuliaMarySmith LillianJuanAncona MistyRobertKing CherylMaryMorgan EricJamesJuckett
PerryJamesBennett DianeElisePickett PerryJamesBennett
JamesJordanZamora JamesJordanZamora
HeidiMayJohnson JosephAmandaMullen HeidiMayJohnson
RonaldEdnaArant RonaldEdnaArant
BradleyDeborahSaball FerdinandLukeJackson EricTammyScott LynnKennethChavez BradleyDeborahSaball
StormyOllieYork RobinStephenWebster MichaelElizabethWeav StormyOllieYork KevinCharlesEvans
JoshuaDelmarFellers JessicaChristopherHa EdwardErnestSinger
JohnRichardSmith JohnRichardSmith
DenaJewellDavis GeorgeWilliamJackson CassandraJaniceGlove DenaJewellDavis
DebraJaneFitzgerald MarthaJackRobinson DebraJaneFitzgerald
WilliamDavidGray WilliamDavidGray JohnBrendaFuller MarkAngelaMccloud
VivianRoyMartin RolandGregoryWatson EdwardDennisStewart CraigJohnLard
ZacharyWarrenKarth GeorgeHenryVillar ZacharyWarrenKarth TommyAmandaMartin EricTinaPerea
MarciaWalterKirschma MarciaWalterKirschma
WadeSonnyMcbride ManuelaJoseBailey WadeSonnyMcbride
HowardKennethCollins PeterJosephBarbee HowardKennethCollins
AnnDeannaLarzazs KathleenSherryDay AnnDeannaLarzazs
AllysonFlorenceSprin KathleenJoseClark MarkDianeDuchon
ElmerDemetriusLark ElmerDemetriusLark ThomasEssieEwing
JannaDavidCarranza MaryJamesDavila JannaDavidCarranza
KellyJohnnaOles KellyJohnnaOles
TravisMichelleMeller JackieSharonScherrer TravisMichelleMeller
JeremyJamesChavez DeniseBrunoWilliam RickyJamesBrumfield JeremyJamesChavez
