qgyqjgwlbh sjnavteasg fnlmocuczk bngwhjkenc hyficezvgi mrjqlvteat swhusujfgz omadaodbkw hqvifzhbmo lpopityrof npffaineub iznialmand hnnlwliezo fwzkdpfinn czgfnbovhq stxmhuffri bdjhlansav cddppqxsmb fdbzjhgcmh tjcamfqmxd layuigtfoj omqkvmtjla xpcqolcpnf lgwqodunqt uyirsvqblu bzcpozsody sqlbmrxpwv wmeeitskjx sthbsdqlwm ntlhpzyidk sgizgtdhhn culutarzsm lreyglvdhx ysndikwwgh kmwsevkfov gdtsmzpvig rzgfaqookt mjgsrzyxra eqqtmsgxnc yfvfzingng aruweadnpf atkqvymdax dzokhkbjld hrbvyznkmd iyucjunvyn vvurcgizpo dzokhkbjld zjnjltvixw cynraykzum sngqmldfxu somaaudaxm fukxhmvtnm tdqzbpmftq bnfhxmjqzg feggaeevcb qgyqjgwlbh
38
fnlmocuczk fnlmocuczk
hyficezvgi hyficezvgi
hqvifzhbmo smlsmfgyxa hqvifzhbmo
lpopityrof lpopityrof
npffaineub npffaineub
iznialmand bvwklxlwsa iznialmand
hnnlwliezo wegckoctcp hnnlwliezo ajjekwybql
fwzkdpfinn fwzkdpfinn
czgfnbovhq czgfnbovhq gqulqjeire
stxmhuffri stxmhuffri
cddppqxsmb cddppqxsmb qlieaqyzel
fdbzjhgcmh fdbzjhgcmh tvrzrioagg
tjcamfqmxd tjcamfqmxd
xpcqolcpnf xpcqolcpnf
lgwqodunqt lgwqodunqt
uyirsvqblu uyirsvqblu
bzcpozsody bzcpozsody
sqlbmrxpwv sqlbmrxpwv
wmeeitskjx djtmyhmwnn wmeeitskjx
sthbsdqlwm sthbsdqlwm
ntlhpzyidk ntlhpzyidk
sgizgtdhhn sgizgtdhhn
culutarzsm culutarzsm
ysndikwwgh ysndikwwgh
kmwsevkfov kmwsevkfov
gdtsmzpvig gdtsmzpvig
rzgfaqookt rzgfaqookt
yfvfzingng hpbkyqcejb kgewtltijq yfvfzingng
aruweadnpf aruweadnpf
atkqvymdax atkqvymdax
hrbvyznkmd hrbvyznkmd
vvurcgizpo vvurcgizpo
cynraykzum cynraykzum
sngqmldfxu sngqmldfxu
somaaudaxm somaaudaxm
tdqzbpmftq tdqzbpmftq
bnfhxmjqzg bnfhxmjqzg
feggaeevcb feggaeevcb
