Place102 Place18 Place199 Place174 Place76 Place45 Place96 Place143 Place71 Place81 Place125 Place25 Place74 Place91 Place28 Place142 Place7 Place88 Place21 Place163 Place118 Place80 Place10 Place6 Place39 Place79 Place95 Place1 Place128 Place106 Place26 Place32 Place114 Place42 Place112 Place57 Place110 Place150 Place197 Place72 Place166 Place190 Place44 Place63 Place172 Place144 Place90 Place108 Place33 Place156 Place102
47
Place18 Place18
Place199 Place199
Place174 Place174 Place176
Place76 Place75 Place76 Place182
Place45 Place20 Place45
Place96 Place96 Place127
Place71 Place71 Place175
Place81 Place81
Place125 Place125
Place25 Place25
Place74 Place74 Place153
Place91 Place82 Place116 Place140 Place186
Place28 Place8 Place28 Place146
Place142 Place142
Place7 Place7 Place171
Place88 Place27 Place152
Place21 Place21 Place139
Place163 Place124 Place163
Place118 Place41 Place83 Place118
Place80 Place80 Place164 Place185
Place10 Place10 Place68 Place97
Place6 Place6 Place47
Place39 Place39 Place86 Place178
Place79 Place79
Place95 Place95
Place1 Place1 Place198
Place128 Place128 Place129 Place145 Place155
Place106 Place106 Place196
Place26 Place26
Place32 Place32
Place114 Place114
Place42 Place24 Place42 Place56
Place112 Place104 Place112 Place148
Place57 Place57 Place59 Place100
Place110 Place77 Place110
Place150 Place98 Place150
Place197 Place117 Place137 Place197
Place72 Place72 Place181
Place166 Place120 Place151 Place166
Place190 Place3 Place13 Place55 Place58 Place107 Place190
Place44 Place115
Place172 Place135 Place147 Place172
Place144 Place144
Place90 Place23
Place108 Place50 Place108
Place33 Place33
Place156 Place16 Place156 Place168
