Egsmith Barnton Ashbourne Stapbeck Ashbourne Barnton Shaftsted Egtree Wychnell Burfield Wywick Wychbeck Staplake Edgey Ashdown Farnsmith Wychsmith Chelmwang Wychsmith Waltditch Wenside Alfchester Wenside Burbourne Leathermere Sudtree Wenwold Stainby Egsmith
23
Barnton Barnton Wychbourne Egavon
Ashbourne Nortley Ashbourne Pemlow Wetwick
Stapbeck Stapbeck
Shaftsted Wenbeck
Egtree Chelmden Stainbrough Egtree
Wychnell Wychnell
Burfield Shaftbridge
Wywick Wywick
Wychbeck Chelmbeck Wychbeck
Staplake Penborne Staplake
Edgey Edgey
Ashdown Ashdown Shaftbage
Farnsmith Cookford Farnsmith
Wychsmith Wychsmith
Chelmwang Chelmwang
Waltditch Waltditch
Wenside Wenside
Alfchester Alfchester
Burbourne Burbourne
Leathermere Leathermere
Sudtree Sudtree Flitgrove
Wenwold Wenwold
Stainby Brackbrough Stainby
