qtq uxr zgf uxr eku ahy fsl ifc fsl apg wuf rcs pta krg udq unk dkn qbj rut yiz ooc brk hxp fne wiq slq nhr wpo htv tvt tcp ynq orc ptq gup fib nkx egz gud fbz fgo bok lxt bok ooi zye rod kvz omf nfy iuz zdf rxi hhe opt cpw yck cpw qlo qls mmf ase vaf zbn lbs jxq itg lnv oyx qlc krg uoz lah hxo tvy tcu xzk qtq
52
qtq qtq wju zgs rju
uxr wuc uxr uwp
zgf zgf npu cnv
ahy xdz jno thd ahy
fsl sfp fsl
ifc ifc plx wpq
wuf wuf vsu
rcs pjx
pta pta
krg krg kza rwt ahv
udq pwa tmc udq
unk pxs
dkn dkn
qbj mnv thz qbj
rut rut
yiz ili yiz
ooc idl ooc
brk brk
hxp hxp
wiq wiq
slq slq
nhr nhr
wpo tro tmd mbx viv
htv htv eqm jta
ynq ynq
orc nhk hpb pkx orc
ptq ptq vlt
gup gup
fib cxu zqn
nkx nkx
egz vub bai egz gak cjp
fgo fgo
lxt lxt
ooi xax ooi
rod txk rod
nfy nfy tnl
iuz bsz iuz
zdf qbe qfc
rxi rxi
hhe hhe
cpw cpw lfh
qlo qlo
qls qls spp
ase ase
vaf vaf
zbn zbn
itg itg
lnv qjm lnv
uoz uoz
lah lah uca xos
hxo hxo ukh
tvy qnn
