Soda Yolo Bristol Yolo Bret Kenilworth Vistamont Bowditch Vistamont Eunice Greenwood Cowper Haste Visalia Ajax Visalia Kentucky High Columbia Shasta Addison Byron Alamo Shasta Garber Colusa Menlo Belrose Menlo Burnett Menlo Bancroft Cutter Muir Florida Halkin Garber Acacia Domingo Eunice Lewiston Edith Oregon Mabel Oregon Anne Pardee Yolo Soda
30
Soda Browning
Yolo Martin
Bristol Bristol Hospital
Bret Bret Comstock Poppy Vermont
Kenilworth Kenilworth
Bowditch Bataan Bowditch Fresno Haskell
Eunice Allston Eunice
Greenwood Greenwood Heinz Madera Marin
Haste Haste
Ajax Ajax Forest
High High
Columbia Columbia
Shasta Shasta
Addison Addison
Byron Byron
Colusa Colusa Fulton
Menlo Menlo
Belrose Belrose
Burnett Burnett
Bancroft Bancroft
Cutter Cutter
Muir Muir
Florida Florida
Domingo Domingo
Lewiston Lewiston
Edith Edith
Oregon Haviland Overlook
Mabel Mabel Poplar Spring Summit Terrace
Anne Anne Arch
Pardee Keeler Pardee
