FD AU BV AC CM CA FG DM GA CL BC GQ FP EJ DC BC DZ FU EE EF CU CS GD EQ AV EM HP CI AL FR BJ GF CW GG BQ GJ ET CW DH ED GR BI FB CT DR AJ BM FT HN DK AD BZ AD EY AM GI GU EX DS EK HM FY EZ DN FL EN BA CN EG BF GY DW DQ FS DP AR CZ HB HD AW AR FD
64
AU AF AU BG
BV AG BV
AC CK
CM BT CG HH
CA CA
FG DU
DM DM
GA AZ BN DF GA GP
CL CL
BC BC
GQ GQ
FP BE EL FP
EJ EJ
DC DC
DZ DZ
FU FU
EE EE
CU CU DI
CS CS GX
GD GD
EQ AT
AV AV
EM EM ES FI GS HO
HP GC HP
CI CI
AL GZ
FR FR
GF GF
CW CW FM
GG HF
BQ BQ EW
ET ET
DH DH
ED EO
GR GR
CT CT
DR HR
AJ AJ DB
BM BM
FT FT
DK DK
AD AD
BZ AK BZ
EY EY
AM AM
EX EX
EK CO EK FO
HM FN
FY FY
EZ EZ FJ
DN DN
FL DA ER
EN CC CF EN FV
BA BA GN
CN CB
EG EG
BF BF
DW HC
DQ BK DQ
FS AX FS
DP BO DP GK
HB GO HB
HD HD
AW AW DE
