SantaClarita Carrollton Stockton Indianapolis Austin PembrokePines SanDiego Paterson SanDiego LexingtonFa Wichita Omaha Ontario Hartford Washington Tempe McAllen Surprise Sunnyvale Miami Tulsa OklahomaCity Newark Alexandria Scottsdale Independence Midland Thornton Victorville GardenGrove Carrollton SantaClarita
25
Carrollton Concord Carrollton
Stockton Allentown Stockton Pomona
Indianapolis Indianapolis
Austin Austin
PembrokePines PembrokePines
SanDiego Stamford Waco StLouis Henderson
Paterson Paterson
LexingtonFa LexingtonFa
Wichita Wichita
Omaha Omaha
Ontario Ontario Boston
Hartford LongBeach LouisvilleJefferson Hartford
Washington WestValleyCity Washington RanchoCucamonga
Surprise Surprise
Sunnyvale Sunnyvale Visalia
Tulsa StPetersburg
OklahomaCity LosAngeles Lafayette Orlando Brownsville OklahomaCity
Newark Newark
Alexandria Bellevue Garland Worcester Alexandria
Scottsdale Scottsdale
Independence Fayetteville SiouxFalls Independence
Midland Midland
Thornton Yonkers NewportNews Beaumont Huntsville Shreveport
Victorville Victorville
GardenGrove GardenGrove
