0 156 175 128 11 87 190 9 130 88 172 134 172 67 2 39 79 4 48 24 31 29 195 124 70 17 5 179 35 3 100 122 195 66 188 22 74 38 145 26 91 69 62 33 8 135 112 111 164 196 101 37 108 20 108 141 191 26 12 120 12 131 45 199 30 0
50
0 0
156 23 47 107
175 14 115 125 143 158 173
128 13 28 81 128 152 187
11 11 65 138
87 43 83 89 159
190 1 21 116 146 190
9 9 103
130 130
88 183
172 172
134 134
67 67
2 2 98 174
39 39 56 193
4 4
24 24
31 31 151
195 133
124 15 96
70 70
17 17 50 72 78 94 114 129 137 154
5 5 160
179 102 153
35 35 157
3 3 27
100 100
122 184
66 66
22 22
74 74 86
38 38
145 16 42
26 26 80 167
69 69
33 33
8 8 71
135 182
111 111
164 51 164
196 18
101 68 101
37 177
108 166
20 20
141 141
120 120
131 84 93
199 52 59 199
30 197
