wNqlpYNsRbJEgiGpKxrU lbWonvEbeplndKguSTkk lIpVoDPUIfHCPpjswogJ twwHXGyTBfZUDOGVnCzA FWnudSYFvYQJHehOpEKf pMOSpTzPTPLXHLOQMjnt PZwTcKCPsEmpxetNZvef MBJqOYmxhUYbldNVEdRy NzDQJknJPDEkcwCHzzbF oZXYedlbtBLmkfoVmgta NJZlnWyeJFrkOwoqHKtT IvXQutSorlqOgnSVAIUd jUSlIFtitQxyvVLJjiCc eobSFtKBbBdcVrTOREdK jUSlIFtitQxyvVLJjiCc scpUkbcaYSAsHhSktebT EEeDJaHeajXXlwYcHTeJ MBJqOYmxhUYbldNVEdRy QePOUWiXcAUCoHETxuGS gDYKDrbERUXTnCayjBrC QePOUWiXcAUCoHETxuGS xgBrJmdXVwtxgRuCBhMe edlAtPQdNXJQPCIzpkyX qoaNjvaRghiMQXaVEoQe syonLisTOSczosCwoILE CvZkdIYtdeDHtwufupie QyXpliHSeQOPIsurIcpa ANDviqMIuFwdcboQDprt pGEDfjoOOYfHsrRVgAyF gqsFUfkkQrlyYYdSXwmt gFUGYXSirCYiFTivWNah erZKLqpCZsYKDnOCaBGq gFUGYXSirCYiFTivWNah iVjkcMenotYGMFEBTvoa oDgfEuAVpeOlkkTIMDLw iVjkcMenotYGMFEBTvoa VIPPawblKbhOVWrmrWBx iVjkcMenotYGMFEBTvoa ndaHivGVVtIUvLiyUWcm ZauPfhkpsGmhbvkhkltR FaWIqatYRYVcXfVhAFRN XtZHoAxqEyzvMChzPHpN FaWIqatYRYVcXfVhAFRN cinQsEbBpQAHgGdjBxaK ZdUattHRgRoTtzHWkNMQ BehmjzdYTywULyIVhjzE ADVVlRLpnspleRTgeTdu oDgfEuAVpeOlkkTIMDLw eCBFrcppbiLzdGQubocl TEPaiCedHTXapLxoBXMp eCBFrcppbiLzdGQubocl vIbIQYXZnmYrooTLYNtu EmbDgEECbkHbfAfHCgwB TOntbQDzHvMkxiKuanmw DVHSRJyZabZWqswQwHAq TOntbQDzHvMkxiKuanmw xlbpuxAjoVPJWPCWBEkJ CWozbDsqFUhTlbxWhCmh cMYyKTXGNKnFzrpwnXUl FGiPoAZuhTTxiAlzRDIV wvSJDoqoPGAkYgSuPFPw FGiPoAZuhTTxiAlzRDIV HeWrJOKsDjgdrcamgZLN aGPbLNWYAMujnfHCTCMo HeWrJOKsDjgdrcamgZLN kwPuYZgJgVVJfdBGUtPw GOKcLUIfVCLsdfLjyASo cmmlyhRSZpCVODfRPvaA CvZkdIYtdeDHtwufupie syonLisTOSczosCwoILE aIuYyryCOUGVeCAqbqkg EhDFVLWZueLOrdjEOzEQ RQlEqfIvpsUfBSzSkvip cmmlyhRSZpCVODfRPvaA wNqlpYNsRbJEgiGpKxrU
49
wNqlpYNsRbJEgiGpKxrU NtyLZDOaSczVvOGdocUp
lbWonvEbeplndKguSTkk eOfnBeTgmYCNEnRUhlEK lbWonvEbeplndKguSTkk igyeOiSdezmmXGTwMzLw qfRRtdRbhYJBARMfPlZM
lIpVoDPUIfHCPpjswogJ WMWBpOSnHGywZjCgaYyY cwgJAHVpCCTmuckJkncL wfEFdNDcColoskjTjcLm nCedHqGgdWAicwyuYWpg yscsUFTNNyaVMKBztBdV
twwHXGyTBfZUDOGVnCzA eiLPqIroFfCGzqSAlzAp
FWnudSYFvYQJHehOpEKf fpoTaBKmVdlDCxFwCFoz FWnudSYFvYQJHehOpEKf
pMOSpTzPTPLXHLOQMjnt pMOSpTzPTPLXHLOQMjnt oLMkSrYLQRLHmPiuLCTC
PZwTcKCPsEmpxetNZvef PZwTcKCPsEmpxetNZvef
MBJqOYmxhUYbldNVEdRy hLaNXBYgTzgUhvjmqUTu MBJqOYmxhUYbldNVEdRy CbGuHgZfQMmSOfHDFJnK
NzDQJknJPDEkcwCHzzbF NzDQJknJPDEkcwCHzzbF pzrGQEObzJGPnfATEYDc NPSPGRTNRcKKVpsBRSwh
oZXYedlbtBLmkfoVmgta oZXYedlbtBLmkfoVmgta svUOWvTJLneAqJGnExpc
NJZlnWyeJFrkOwoqHKtT NJZlnWyeJFrkOwoqHKtT
IvXQutSorlqOgnSVAIUd oKAKfpUUuLItChLyByFh shugRMnaHVqQSmKaNBgu IvXQutSorlqOgnSVAIUd
jUSlIFtitQxyvVLJjiCc bFmSeBrfNuxjYPUDCLYq jUSlIFtitQxyvVLJjiCc XPPBMlNyfVVeZGIzTCEW
eobSFtKBbBdcVrTOREdK eobSFtKBbBdcVrTOREdK
scpUkbcaYSAsHhSktebT scpUkbcaYSAsHhSktebT JVONrXhhmtFWhFfDiOXW lSJjEsqamUCgRZdCmdyI JvFxbsySBAiFiOUrzrBi kyApsCeFkLoLFCdkazaE
EEeDJaHeajXXlwYcHTeJ GMxGouyyndiUBMqMdOoc juzxSpUVuccJUMBOcJjO EEeDJaHeajXXlwYcHTeJ efZntVbfQTvIUOiRNPSH
QePOUWiXcAUCoHETxuGS QePOUWiXcAUCoHETxuGS
gDYKDrbERUXTnCayjBrC gDYKDrbERUXTnCayjBrC
xgBrJmdXVwtxgRuCBhMe xgBrJmdXVwtxgRuCBhMe
edlAtPQdNXJQPCIzpkyX edlAtPQdNXJQPCIzpkyX
qoaNjvaRghiMQXaVEoQe kqcEdfKLaRzxOhAIzchh QjbdwbUnopENkiNyqirZ ccdJRKiTXwIErdhSIxfh VRpSthoDcomqMDsGoVql joWAhkfNqIEECnBeulGl
syonLisTOSczosCwoILE jznspKyqlmxZtgfQUJVB syonLisTOSczosCwoILE
CvZkdIYtdeDHtwufupie CvZkdIYtdeDHtwufupie ZXihCBEQBTdisqSlEMsj UIlSMnVKIdNiXZNSiHsI szyiMlKhtyOynWjcoMsm oHoxoLeyDYnKZDzgMtxI
QyXpliHSeQOPIsurIcpa QyXpliHSeQOPIsurIcpa XvUPApTFkqaSSizYsCIr DpztIuGTRpGuLsdlODJw
ANDviqMIuFwdcboQDprt YTwycpmzEWCqqTELtzXc ANDviqMIuFwdcboQDprt
pGEDfjoOOYfHsrRVgAyF DZEpVGVXkxHljziwItaS
gqsFUfkkQrlyYYdSXwmt nreoVgWrBhNXFZgTBlXO
gFUGYXSirCYiFTivWNah RlHeRhvUOhGhZVGGJuED gcXUxTVUZWsOwtRNeDDa ayQgUwyRuQVKeyFLPNbQ
erZKLqpCZsYKDnOCaBGq NIJaJxCurulNUdZZMxFk erZKLqpCZsYKDnOCaBGq
oDgfEuAVpeOlkkTIMDLw mgNeYYUOPKpLeiVEFIXd wlySPverjehsBxldyigf
VIPPawblKbhOVWrmrWBx VIPPawblKbhOVWrmrWBx
ZauPfhkpsGmhbvkhkltR ZauPfhkpsGmhbvkhkltR
FaWIqatYRYVcXfVhAFRN bEfUXCTlwRBndElSbPGf
XtZHoAxqEyzvMChzPHpN XtZHoAxqEyzvMChzPHpN
ADVVlRLpnspleRTgeTdu ADVVlRLpnspleRTgeTdu
eCBFrcppbiLzdGQubocl SitzoubgYFeTjmkLjVPz ZwvojvRdUOYNJXIwAqgC
TEPaiCedHTXapLxoBXMp TEPaiCedHTXapLxoBXMp
vIbIQYXZnmYrooTLYNtu fgzJCwocQniGlXAZHJId vIbIQYXZnmYrooTLYNtu
EmbDgEECbkHbfAfHCgwB EmbDgEECbkHbfAfHCgwB
TOntbQDzHvMkxiKuanmw zNRhhVdMWUgTnnqmAfeY
xlbpuxAjoVPJWPCWBEkJ xlbpuxAjoVPJWPCWBEkJ imEmCMbYEtZJJkwxkSDD
cMYyKTXGNKnFzrpwnXUl cMYyKTXGNKnFzrpwnXUl wuSVWJYvpiWaQAHXocSG vTbNxpVTEoFlSjvvVvfG
wvSJDoqoPGAkYgSuPFPw QeYNNLpZMBxyiFbZMPFY UdSbtwxTqTJxOiUoxEqw wvSJDoqoPGAkYgSuPFPw
HeWrJOKsDjgdrcamgZLN zHPSSEtFTQIbLYMdHqgP HeWrJOKsDjgdrcamgZLN
aGPbLNWYAMujnfHCTCMo ihxEqMQIIvyQmtrtMjeO aGPbLNWYAMujnfHCTCMo
kwPuYZgJgVVJfdBGUtPw kwPuYZgJgVVJfdBGUtPw
GOKcLUIfVCLsdfLjyASo KcrnMnFDTrBKaUaGpdLY NYdfLxXxFVvLEbDKzXWn
aIuYyryCOUGVeCAqbqkg aIuYyryCOUGVeCAqbqkg
EhDFVLWZueLOrdjEOzEQ EhDFVLWZueLOrdjEOzEQ
