oUyBZvEHNPOWtAsHANHU eWGFHgdBASXJbxQbYrCG hNRcEeFjmsmOnuOdNAXl eqwycKZriorIAbsUBjxu tItiZloipgPmLuONrNnZ JKNUHFrXPStBWMuUOVkj QFaSXENOfunmdZIBqDsS UMfDYlvFlUVuogMRkWNG lPMfQyVLDIZczBuDgsVQ UMfDYlvFlUVuogMRkWNG QFaSXENOfunmdZIBqDsS eWVKeYegIFOJxvfRkjek OWCblOtQanZakRLMqMxz VVzvLIOwARaWwhQTKPrx eqwycKZriorIAbsUBjxu tItiZloipgPmLuONrNnZ ikjgYLaZRolSrbIYyKBd CXrruomvXfADUrHxMwZi ikjgYLaZRolSrbIYyKBd NBTlGJqSnWahMvuDlXAm hpQFeVriPZmwKZcYFAWN rqqedkokePZFdhDbMNpX IuNNJvHSmYKpVBzmzuJX znYRMYifzQwyixuIXDnz DsLevMWgWFWOQXFMbaQy gUlgGYCPZjsRiFLqnVun JGmrlhNqKarRJZMikIzR oUyBZvEHNPOWtAsHANHU
18
oUyBZvEHNPOWtAsHANHU oUyBZvEHNPOWtAsHANHU QMnEKXGwZYUlreveNjwA
eWGFHgdBASXJbxQbYrCG eWGFHgdBASXJbxQbYrCG
hNRcEeFjmsmOnuOdNAXl hNRcEeFjmsmOnuOdNAXl
eqwycKZriorIAbsUBjxu eqwycKZriorIAbsUBjxu MeohNnftDTzllMTGwxnG
tItiZloipgPmLuONrNnZ cAvnOxZJtanpVvcAxJHM
JKNUHFrXPStBWMuUOVkj CCYBPFZgoOONzoEeTKzC JKNUHFrXPStBWMuUOVkj
UMfDYlvFlUVuogMRkWNG UMfDYlvFlUVuogMRkWNG
lPMfQyVLDIZczBuDgsVQ lPMfQyVLDIZczBuDgsVQ
eWVKeYegIFOJxvfRkjek eWVKeYegIFOJxvfRkjek
OWCblOtQanZakRLMqMxz OWCblOtQanZakRLMqMxz
VVzvLIOwARaWwhQTKPrx oMKDNkBacLxexXKHqXfF VVzvLIOwARaWwhQTKPrx
CXrruomvXfADUrHxMwZi CXrruomvXfADUrHxMwZi
NBTlGJqSnWahMvuDlXAm CcspnGXfrmzZRWjdMjLd NBTlGJqSnWahMvuDlXAm
hpQFeVriPZmwKZcYFAWN PojKKQvEDmFOnJinujFi hpQFeVriPZmwKZcYFAWN
rqqedkokePZFdhDbMNpX IUJDEWwYxhQimsCqnrFH
IuNNJvHSmYKpVBzmzuJX NVPacTSrBMpDkMBotiWB IuNNJvHSmYKpVBzmzuJX
znYRMYifzQwyixuIXDnz znYRMYifzQwyixuIXDnz
gUlgGYCPZjsRiFLqnVun gUlgGYCPZjsRiFLqnVun
