Soda location81 Soda location25 location85 location3 location8 location32 location13 location11 location41 location47 location36 location2 location6 location1 location20 location21 location95 location19 location95 location29 location28 location68 location35 location75 location5 location46 location40 location16 location31 Soda
25
Soda location49
location25 location18 location25
location85 location30 location33
location3 location3
location8 location4 location8 location43
location32 location12 location15 location23 location32 location37 location50
location13 location9 location13 location39
location11 location11
location41 location7 location41 location48
location47 location10 location47
location36 location36
location2 location2 location22
location6 location6 location26 location44
location1 location1 location45
location20 location20
location21 location21 location38
location19 location19
location29 location29
location28 location28 location42
location35 location24 location35
location5 location5 location14
location46 location27 location34 location46
location40 location17 location40
location16 location16
location31 location31
