Soda woolf winifred danyal rosen shen amanda lewke jarrett roshan annie eshaan kevin massachusetts curry noor aidan sriram rob alvin andrew caroline juliann golden sarina ohio walsh ritter ashley grace nichole kanika chloe meghan castro connor djajadi vilaythong garbers patagonia lee Soda
36
Soda garcia lo krishnan ian
woolf woolf
winifred winifred
danyal danyal
rosen rosen
shen shen
amanda amanda sunny
lewke lewke tamara
jarrett jarrett
roshan roshan
annie annie
eshaan eshaan ruhi
kevin kevin
massachusetts massachusetts
noor noor martinez
aidan aidan
sriram sriram
rob rob
alvin yip alvin
andrew andrew
caroline caroline daniel
juliann juliann
golden golden
sarina rabie sarina
walsh walsh
ritter ritter
ashley ashley shah
grace grace
chloe berit chloe
meghan meghan
castro castro singhal
connor connor
djajadi djajadi
vilaythong vilaythong
garbers davis garbers
patagonia patagonia
