Jingzhou Fredericia Colachel Rembangan RioFormoso Bejucal Shizunaifurukawacho Veenendaal Srinagar Malnate BurgbeiMagdeburg Kabarnet Sanaa NiagaraFalls elCampello Shumen Ermelo Geilenkirchen Shively Rangae Falun Crespo Khabarovsk NiagaraFalls Junagarh Tottori Thamaga Frosinone JabalosSaraj TarguSecuiesc Jingzhou
25
Fredericia CoonRapids
Colachel Ketrzyn Colachel Ibri Carouge
Rembangan Rembangan LondonderryCountyBor Gangtok
RioFormoso RioFormoso AzZuwaytinah
Bejucal FortLauderdale Depok TanahMerah Bejucal
Shizunaifurukawacho Shizunaifurukawacho
Veenendaal Ghugus Veenendaal Carmichael
Srinagar Kirovsk Srinagar Entroncamento
Malnate Lysva Jeypore Malnate Kheri
BurgbeiMagdeburg Sagalo BurgbeiMagdeburg
Kabarnet SanJosedeOcoa Tabatinga Kabarnet
Sanaa Sarzedo Manduria Sanaa
NiagaraFalls Chittaranjan
elCampello elCampello
Shumen Shumen
Ermelo Ermelo
Shively Shively
Rangae Rangae
Crespo Crespo
Khabarovsk Khabarovsk Chegem
Tottori Tottori
Thamaga Thamaga
Frosinone SaintMichael Ronse Radnor Ouarzazat
JabalosSaraj JabalosSaraj
TarguSecuiesc BeneBeraq
