6a5e7697411b4a5f9bee 9413e484b07844a0b2a5 c83df3fc7ad7453da3a8 f4f0866d5e97488aa802 c83df3fc7ad7453da3a8 6e67d80aec8b4fc0a0f4 53c9cb5cf7384868ac19 94e0719061a446db8f0d e0cb3963860e4d049310 7c65eef332d54dcba793 950cb52e3a1446d9af98 c1b06ccaa4874b00a961 a5e69939e9704f81a60e d367dd06d7554c00a50c aa3f52c94cbd4a128bbb 00ab75eeae43479b93a1 e0614a888e7646fbb095 728908ec3cef4db29934 7d82ff1b75504dd99230 94e0719061a446db8f0d e0cb3963860e4d049310 7c65eef332d54dcba793 0b24d415cd09478386e1 d8981e847a1946839e08 0b24d415cd09478386e1 65b7af53d28f4262bf8f 9a007b07478f49ea8ad1 2ce2b2e6256542928a0d 53a42035b7034adda5bf 2ce2b2e6256542928a0d dcee8e551d34480d82e2 b4e901c3f02245828556 d40f6eaafcf0402eb0d7 ec71cd3332104923a6b2 cfd801acdfd6452696dd f451d0f96c4e44e5a7a2 6e595bd5dd23413fa0e3 79e28a889fa348f89be3 a72944b166b948ed8afb 79e28a889fa348f89be3 0584f8431be341e5ab2e bd02ba8637cd4d18b24e a0c4fb99291e488f872a 9c906b337e8b4f708f0e 1cf20cc5d55a441b8446 9c906b337e8b4f708f0e a0c4fb99291e488f872a bd02ba8637cd4d18b24e 0584f8431be341e5ab2e 4e25f87635bb4843b59f 7d4dc3551fe54163a3f8 bb70a9f783b44f29aa76 b0d847fc7911439a9eb5 e42a313b3fc84870ab92 72c52cfc431e4b0b82bd ab6a4a3d324a4e118998 a11604bab4bc49008828 3f86be020a0e43e4b1ff 03b01369da244ae890f3 5c8da1e70e304c18a2e4 e42a313b3fc84870ab92 686e668db7e94232bb60 ebbbcdcdb3554877aeb0 686e668db7e94232bb60 e42a313b3fc84870ab92 72c52cfc431e4b0b82bd a517a99fa3bb48a69b2a bbb11a04c8a343348a26 6c5164d75c654b6e9e3b a9cf0f27ebdd48758408 9413e484b07844a0b2a5 6a5e7697411b4a5f9bee
34
9413e484b07844a0b2a5 68b5e6aea12140d2bb26
c83df3fc7ad7453da3a8 e73af41069ed4943a52c
f4f0866d5e97488aa802 f4f0866d5e97488aa802 87ecc0a3a59f407c9b3d
6e67d80aec8b4fc0a0f4 6e67d80aec8b4fc0a0f4
53c9cb5cf7384868ac19 e3697cd0e4bb4631b60b
94e0719061a446db8f0d 12424155e29a4ad09224
e0cb3963860e4d049310 e0cb3963860e4d049310
950cb52e3a1446d9af98 4fd54063e8fe4e6591e3 e9189c39d6f9459fb82b 950cb52e3a1446d9af98 365700b51db445e3a31a
c1b06ccaa4874b00a961 c1b06ccaa4874b00a961 d8c441caf295405aaf52
a5e69939e9704f81a60e a5e69939e9704f81a60e
aa3f52c94cbd4a128bbb 95119be28c194159a1ee
00ab75eeae43479b93a1 00ab75eeae43479b93a1
e0614a888e7646fbb095 e0d6bb0c69d74ec5a7c2
728908ec3cef4db29934 728908ec3cef4db29934
0b24d415cd09478386e1 bc0a76f3195549949d49
d8981e847a1946839e08 d8981e847a1946839e08 a1480b86aa6b4e8ab46b ac82fe0455c04a6fbc21
9a007b07478f49ea8ad1 9a007b07478f49ea8ad1
2ce2b2e6256542928a0d 008aafd1b0ec4150aacc
53a42035b7034adda5bf 5042f23712404074ac94
dcee8e551d34480d82e2 dcee8e551d34480d82e2
cfd801acdfd6452696dd 4da00804134d4fc9a85c 863d51b71d174e18a8b2
f451d0f96c4e44e5a7a2 ced33625aef44e049e40 f911fa4d522a4357aa0b f451d0f96c4e44e5a7a2
a72944b166b948ed8afb a72944b166b948ed8afb
0584f8431be341e5ab2e 6ea877c3766c4669a150 113cbb314b8c423e99ac
9c906b337e8b4f708f0e 268fc1cec41445e9ae4c 4aadb3216b4343adbebd
1cf20cc5d55a441b8446 1733e0b32fcb468e9db5 ce0b9987a99a4073beab 3b86319574304aac82c1
4e25f87635bb4843b59f 4e25f87635bb4843b59f
bb70a9f783b44f29aa76 7a06c0a05152448791da
ab6a4a3d324a4e118998 ab6a4a3d324a4e118998
3f86be020a0e43e4b1ff 3f86be020a0e43e4b1ff
5c8da1e70e304c18a2e4 5c8da1e70e304c18a2e4
ebbbcdcdb3554877aeb0 ebbbcdcdb3554877aeb0 5a90ec8096c2423fb598
bbb11a04c8a343348a26 bbb11a04c8a343348a26
6c5164d75c654b6e9e3b cc5f406e2dcd46bebe75 6c5164d75c654b6e9e3b
