Location0 Location5 Location0 Location7 Location0 Location11 Location12 Location0 Location14 Location0 Location16 Location0 Location17 Location0 Location19 Location0 Location21 Location0 Location25 Location26 Location0 Location28 Location0 Location30 Location0 Location31 Location0 Location34 Location0 Location37 Location38 Location0 Location40 Location0 Location41 Location42 Location0 Location45 Location46 Location0 Location47 Location0 Location52 Location0 Location53 Location0 Location55 Location0 Location57 Location58 Location0 Location59 Location60 Location0 Location61 Location0 Location63 Location0 Location69 Location0 Location71 Location0 Location74 Location0 Location76 Location0 Location78 Location0 Location82 Location0 Location84 Location0 Location88 Location0 Location89 Location90 Location0 Location93 Location0 Location96 Location0 Location97 Location0
46
Location0 Location1 Location2 Location3 Location4 Location9 Location10 Location23 Location24 Location35 Location36 Location43 Location44 Location49 Location50 Location65 Location66 Location67 Location68 Location79 Location80 Location85 Location86 Location91 Location92
Location5 Location5 Location6
Location7 Location7 Location8
Location11 Location11
Location12 Location12
Location14 Location13 Location14
Location16 Location15 Location16
Location17 Location17 Location18
Location19 Location19 Location20
Location21 Location21 Location22
Location25 Location25
Location26 Location26
Location28 Location27 Location28
Location30 Location29 Location30
Location31 Location31 Location32
Location34 Location33 Location34
Location37 Location37
Location38 Location38
Location40 Location39 Location40
Location41 Location41
Location42 Location42
Location45 Location45
Location46 Location46
Location47 Location47 Location48
Location52 Location51 Location52
Location53 Location53 Location54
Location55 Location55 Location56
Location57 Location57
Location58 Location58
Location59 Location59
Location60 Location60
Location61 Location61 Location62
Location63 Location63 Location64
Location69 Location69 Location70
Location71 Location71 Location72
Location74 Location73 Location74
Location76 Location75 Location76
Location78 Location77 Location78
Location82 Location81 Location82
Location84 Location83 Location84
Location88 Location87 Location88
Location89 Location89
Location90 Location90
Location93 Location93 Location94
Location96 Location95 Location96
Location97 Location97 Location98
