6 13 20 27 34 41 48 55 62 69 76 83 90 97 104 111 118 125 132 139 146 153 160 158 154 158 160 167 174 172 169 172 174 181 188 195 6
32
6 1 2 6
13 10 11 12
20 17 18 19
27 22 25 27
34 30 31 32
41 38 39 41
48 43 44 47
55 50 51 53
62 60 61 62
69 64 65 69
76 74 75 76
83 77 80 83
90 87 88 90
97 91 94 96
104 100 101 103
111 105 106 110
118 112 115 116
125 120 122 124
132 126 128 129
139 133 134 136
146 140 142 145
153 148 149 150
160 160
158 155
154 154
167 161 165 166
174 174
172 172
169 169
181 177 179 181
188 182 184 186
195 189 190 194
