pace king guarantee bitter respect financial respect audience class chair mystery gate mystery enter mystery paper deposit title shy market chair brake mature pig pain demand page lake discriminate quality straighten romantic sign legislation enhance tolerate forge vegetarian throne interactive pace
25
king king glasses
guarantee likely prison guarantee buffet tool seize
bitter rob bitter
financial voice financial
class injury exclusive class dip
mystery mystery
gate output circulation other
enter enter autonomy
paper paper figure
deposit honor swear
title title sunrise
shy tablet nationalist shy
brake brake
pain pain
demand cigarette demand
page page imposter
lake lake
quality quality headline
sign sign
legislation legislation
enhance thumb dough linger enhance
tolerate tolerate
forge winner
vegetarian vegetarian
throne throne
