9iIwk 6EWVx jT5CK HOs1b QVYVG LZomt QVYVG qkJ6b 1xmtC Mj2eQ ZzWHp MA43U jYfXn RKW0P aHGHb 1uRw3 WJNpN YH6mk 5ioW1 XZKtP 5ioW1 YH6mk WJNpN jT5CK 6EWVx 9iIwk jASvw oqPYQ YZysZ jASvw 9iIwk 1eRkH 0mah3 rrNj1 Esl6u fS0W8 k64Ok ZgtaX k64Ok fS0W8 Esl6u rrNj1 5R5Xa 9iIwk
23
9iIwk 9iIwk h2rea
jT5CK jT5CK 5BDPJ
QVYVG 7G74f RhUVQ
LZomt SgDk6 LZomt
qkJ6b qkJ6b
1xmtC XYzcU 1xmtC
Mj2eQ Mj2eQ
ZzWHp ZzWHp iEXNY
jYfXn jYfXn
aHGHb aHGHb kmzhT WGJpQ
1uRw3 y89SK Ri2t4 1uRw3 1pxZM jAwQw vE0Pj
WJNpN AgYPL tnjfN 5VT1H
YH6mk Y7IDR YH6mk 4a0W8
5ioW1 5ioW1
XZKtP Be0ab XZKtP dw7aX bXinH
jASvw jASvw
oqPYQ oqPYQ 0GdkR
1eRkH 1eRkH
0mah3 ChXAd
fS0W8 p9vQm fS0W8
k64Ok BnAjj
ZgtaX Vake4 JgjFI pXCjI ZgtaX veOJ7 iCgvV
5R5Xa 5R5Xa
