location1 location101 location104 location107 location108 location111 location114 location111 location110 location107 location108 location10 location7 location8 location7 location34 location31 location28 location51 location48 location49 location133 location134 location137 location20 location19 location51 location177 location176 location173 location170 location169 location71 location68 location67 location125 location126 location125 location67 location70 location73 location118 location119 location122 location125 location67 location68 location156 location159 location162 location159 location156 location68 location71 location74 location37 location40 location43 location46 location49 location151 location148 location145 location146 location143 location142 location62 location61 location58 location55 location56 location55 location83 location80 location81 location84 location87 location90 location91 location90 location93 location96 location95 location98 location101 location1
60
location1 location1
location101 location101
location104 location103 location105
location107 location107
location108 location109
location111 location111
location114 location113 location115 location117
location10 location3 location9 location11 location13
location7 location7
location8 location5
location34 location33 location35
location31 location31
location28 location25 location27 location29
location51 location51
location48 location45 location47
location49 location49
location133 location133
location134 location131 location135
location137 location137
location20 location17 location21 location23
location19 location15 location19
location177 location177
location176 location175 location179
location173 location173
location170 location167 location171
location169 location169
location71 location71
location68 location65 location69
location67 location67
location125 location125
location126 location123 location127 location129
location73 location73
location118 location121
location119 location119
location156 location153 location155 location157
location159 location159
location162 location161 location163 location165
location74 location75 location77
location37 location37
location40 location39 location41
location43 location43
location151 location151
location148 location147 location149
location145 location145
location143 location143
location142 location139 location141
location62 location59 location63
location61 location61
location58 location57 location79
location55 location55
location56 location53
location83 location83
location81 location81
location84 location85
location87 location87
location90 location89
location91 location91
location93 location93
location96 location97 location99
location95 location95
