Ilesa Foshan Calauan Skalica Belper Polohy MitryMory Marburg Minas Dahlem Minas Malden Ventimiglia Bensheim An Bensheim Brunswick Bensheim Randudongkal Bensheim Viewpark Sheoganj PortVila Milledgeville Jashpurnagar Perth Great Perth Landshut Uran Sillanwali Foshan Ilesa
25
Ilesa Valday Ilesa
Foshan Foshan Puducherry American Sirsi
Calauan Calauan Rhosllanerchrugog Onex Tharu Itacoatiara Sceaux Valletta Paredes Shagamu
Skalica Hermsdorf Skalica
Belper Meizhou Jiangyan LonsleSaunier Guli Chacabuco Zaozhuang
Polohy Polohy Bavly WaltonontheNaze
MitryMory MitryMory Tiruppuvanam Claremont Milagro Bogovinje Aurora Ponta Copperas Lodwar
Marburg Marburg Lille Mexborough Palm
Minas Jagna New Mouscron Talipparamba Bobigny Oberhausen Palafrugell
Dahlem Dahlem
Malden Malden Bon Stuttgart Tupiza
Ventimiglia Ventimiglia Sishui Barracas Yingkou DehiwalaMount
Bensheim Bensheim Oulmes Aleshtar Campobasso Gariadhar Aklera Kyzylorda Bang PointeClaire
An An
Brunswick Brunswick
Viewpark Viewpark
Sheoganj Ada Ramla Shaowu
PortVila Alexandria PortVila
Milledgeville Milledgeville Memmingen Puerto Tupelo Stupino
Jashpurnagar Jashpurnagar Magomeni
Perth Perth Davis GernikaLumo UlanUde Resplendor Tak Rutland Brzeg Sorsogon Toledo Villaquilambre Niort Clermont
Great Great Tyoply
Landshut Landshut
Uran Uran Azrou Alfenas
Sillanwali Sillanwali
