create top skip adult minimize exotic basketball celebration farewell pupil fuss transmission nationalism merit loud trance breakin battery contract dose belief company childish seller community ballot colon steward feign create
28
create appear
top top scrap
skip skip
adult adult
minimize minimize
exotic exotic direct
basketball basketball
celebration prove celebration
farewell crew farewell
pupil pupil
fuss magnitude fuss
transmission transmission
nationalism perception nationalism
merit hide merit
loud mechanism absorption
breakin tin bracket breakin
battery concern battery
contract contract
dose dose
belief belief
company company
childish childish suffer
seller pride
community community maze
ballot ballot accessible
colon linear colon cancel line
steward pastel think predict steward
feign creation deck feign
