3a 95a 3a 23a 64a 91a 102a 93a 4a 73a 56a 62a 43a 71a 32a 22a 77a 69a 65a 69a 68a 66a 34a 14a 60a 67a 35a 44a 24a 88a 24a 35a 25a 14a 34a 85a 97a 13a 31a 2a 16a 7a 16a 42a 20a 52a 103a 72a 40a 83a 37a 96a 89a 49a 80a 53a 51a 0a 59a 48a 93a 23a 28a 23a 3a
40
23a 23a
64a 64a
93a 93a
4a 4a
73a 47a 73a
56a 56a
62a 5a 62a
43a 1a 43a
71a 71a
32a 32a 41a
22a 22a
77a 77a
65a 30a 65a
66a 66a
34a 34a
14a 14a
60a 60a
67a 58a 67a
35a 35a
44a 44a
88a 15a 21a 87a 88a
25a 25a 39a
31a 31a 99a
16a 16a
7a 7a 38a
42a 42a
52a 52a
72a 72a
40a 40a 61a
83a 83a
37a 37a 84a
96a 29a 79a 96a
89a 6a 75a 92a
49a 49a 98a
80a 80a
53a 9a 53a
51a 51a
0a 0a
48a 48a
28a 28a 57a
