0 4 82 42 97 120 56 34 130 87 81 71 61 54 129 90 65 41 14 8 85 66 36 51 20 15 39 17 29 24 103 80 6 2 35 47 23 30 70 69 152 62 28 89 73 59 121 171 96 45 99 1 11 48 16 26 3 49 25 68 153 60 136 33 93 38 7 12 63 0
60
0 0 79
4 4
82 82
42 18 42 46
97 97
56 56
34 34 37 58 67
87 87
81 81
71 71
61 61
54 54
90 5 90
65 65
41 41
14 14
8 8 52 77
85 85
66 40 66
36 36 44 84
51 51 72
20 20 95
15 15
39 39
17 17
29 29 75
24 19 24
80 80
6 6
2 2 27
35 35 76
47 47 83
23 23 43
30 10 30
70 13 31 70
69 69
62 62
28 28
89 53 89
73 73
59 59 92 98
96 55 91 94 96
45 45 64
99 99
1 1
11 9 11 86
48 48 88
16 16 21
26 26 78
3 3
49 49
25 25 57
68 68
60 22 50 60
33 33
93 93
38 38 74
7 7 32
12 12
63 63
