Zo0umr3KFWOZJQPm M9il2j2XBWeGdURv LjKfvPnu1IVb9d8E ZASkL5Mxwr8cbBFG TEBcdk0AQd6dKevH qKKAwpkuJY9E8dpl R43sDxzHzrO5kncN 8vLm5GS8pptr9y8t kmMzOIvorXbmvHXw 6Gt5ffOE5tOJA8A7 1r13Qnmq9ixI97Qj uN0YmlR4YKMmyTVh yILnNjtdKS6kD3NP gqX9V4QU6KrO7JGI MxcmtGZ6qJUnGaxB 6GsK7I0daq8OZxaS Uw31N0oW965MP4qr 1Eq6CyZRaHXkARva LsIlvCjQu9Xqre9U u7i0C02E9nMoZ6Ab YpZJ50mXHPeALpEr nkKMB647tDItOdTX 2v7uFoKD90sPVOTA ngcwhTcmwXuonGlk quCqGzaCZ5rVk9Gn U5CEflgpFptgqHUL TbM88DujEo9BSxqT 6La4alyyQSzgrmmj 0BNdm9hpaqd4q3Tx EuY7nNg1nWHDnCBx fg0WyZdFGAAZWRqK PDtM7hU3L1QjW9eR EotYPttMvJbBfyaO 2yhNJ9fcTz8hRVDj drsNw5E8nXGgcxxE 2hsCdf5s2NPqItPy drsNw5E8nXGgcxxE HqZKcXPbTIsIN6eT 3PEg9lFbqEimkqjc 3SYpu8y7n2lFaEgA LdwRPFzBNqStC5X8 Byr8ftz6Pn4uac3K jVrty3u6KGOjBg80 5TjXpBJuIWCWGZis LI7uFZ34s97AeNpk eRAtRmExinGYKjYs 9dVIdmIqrww8IL0A QSabhET5tNnXgX60 asqla05DvWvndrgH e9DWnoEu0mxMb9VK ZsdU4FLz0FoJAHOC tZ46uZudk7AfSXt1 9L0zlmq9jRh6nd1I 9pH9xdreYrmVM1JI WVwd9ExLXa3zphJn bpy0VAq3GZuO2R8U ziJdi0Y4mj4TIJZ9 9pH9xdreYrmVM1JI J5iqQt6wukvg6KLY rvadWwbDVrEOdUmt 9L0zlmq9jRh6nd1I qQzEeIfIOpoI9qKk e9DWnoEu0mxMb9VK xlWntBwCLfHgHam8 1bDI0W7o3Pb2zYhB 5TjXpBJuIWCWGZis W4POX5YqpnnI3x1U 1yeDQmwUGYi8LEVC 0Pfip4BXzoRzyFv2 PmJZCdR41rbLgXgi pKGVzMiXVo3v1oQu EuY7nNg1nWHDnCBx 0BNdm9hpaqd4q3Tx SLuZYQ4lYwLMQuMp 6La4alyyQSzgrmmj U5CEflgpFptgqHUL AvHIDL41dbfeNksW YHVvi99ucaU9tYgf MxcmtGZ6qJUnGaxB gqX9V4QU6KrO7JGI yILnNjtdKS6kD3NP uN0YmlR4YKMmyTVh 1r13Qnmq9ixI97Qj 6Gt5ffOE5tOJA8A7 8vLm5GS8pptr9y8t kmMzOIvorXbmvHXw pi9Gjwqb8nw39ALT Of6XUqufA1wxpnuj TEBcdk0AQd6dKevH LjKfvPnu1IVb9d8E M9il2j2XBWeGdURv Zo0umr3KFWOZJQPm
35
fg0WyZdFGAAZWRqK fg0WyZdFGAAZWRqK
PDtM7hU3L1QjW9eR Dg4uIWuVD7Xd3FfI PDtM7hU3L1QjW9eR uRc2j178KRm3sVAY
EotYPttMvJbBfyaO EotYPttMvJbBfyaO
2yhNJ9fcTz8hRVDj CvZWFxoaMZYhwHYj 2yhNJ9fcTz8hRVDj
drsNw5E8nXGgcxxE drsNw5E8nXGgcxxE
2hsCdf5s2NPqItPy 2hsCdf5s2NPqItPy
HqZKcXPbTIsIN6eT HqZKcXPbTIsIN6eT
3PEg9lFbqEimkqjc kWAnmn2xV4T8moWO 3PEg9lFbqEimkqjc
3SYpu8y7n2lFaEgA 3SYpu8y7n2lFaEgA
LdwRPFzBNqStC5X8 LdwRPFzBNqStC5X8
Byr8ftz6Pn4uac3K Byr8ftz6Pn4uac3K
jVrty3u6KGOjBg80 Gypke7sesv6WDuj9 jVrty3u6KGOjBg80
5TjXpBJuIWCWGZis 5TjXpBJuIWCWGZis 8pFqGmxaOhvFeBf4
LI7uFZ34s97AeNpk fBCH5yXHMW5jQJjk LI7uFZ34s97AeNpk
eRAtRmExinGYKjYs uuhviI1p7F0sChqp eRAtRmExinGYKjYs
9dVIdmIqrww8IL0A 9dVIdmIqrww8IL0A z6aHWvfWV1YcOU3s
QSabhET5tNnXgX60 QSabhET5tNnXgX60
asqla05DvWvndrgH K5TJWlCDC2GiIJEC asqla05DvWvndrgH
e9DWnoEu0mxMb9VK e9DWnoEu0mxMb9VK
ZsdU4FLz0FoJAHOC ZsdU4FLz0FoJAHOC KHBd51v9Lk79JoNu
tZ46uZudk7AfSXt1 tZ46uZudk7AfSXt1
9L0zlmq9jRh6nd1I qeVT6FbNKHRizFU8 9L0zlmq9jRh6nd1I
9pH9xdreYrmVM1JI 9pH9xdreYrmVM1JI
WVwd9ExLXa3zphJn WVwd9ExLXa3zphJn
bpy0VAq3GZuO2R8U HAZt9xslXTTIQrh6 bpy0VAq3GZuO2R8U
ziJdi0Y4mj4TIJZ9 ziJdi0Y4mj4TIJZ9 RnvIh4TOetAfG82E OMjRZA0G6vbBxKd5
J5iqQt6wukvg6KLY J5iqQt6wukvg6KLY
rvadWwbDVrEOdUmt rvadWwbDVrEOdUmt
qQzEeIfIOpoI9qKk qQzEeIfIOpoI9qKk
xlWntBwCLfHgHam8 xlWntBwCLfHgHam8
1bDI0W7o3Pb2zYhB 1bDI0W7o3Pb2zYhB
W4POX5YqpnnI3x1U W4POX5YqpnnI3x1U
1yeDQmwUGYi8LEVC 1yeDQmwUGYi8LEVC
0Pfip4BXzoRzyFv2 0Pfip4BXzoRzyFv2
PmJZCdR41rbLgXgi PmJZCdR41rbLgXgi
