l0 h3 h83 h89 h74 l36 l41 h72 h66 h57 h20 h10 h21 h53 h52 h4 h18 h88 h64 h82 l97 h5 l56 h95 l88 h40 h87 l63 l20 h41 h8 l54 h12 h13 h97 l80 h62 l72 l31 l72 h16 l62 l21 h43 h85 h80 h17 h80 h23 l35 h71 h51 l95 h44 l25 l22 h76 h94 h56 l17 h79 h98 l39 h31 l34 h79 h32 h90 l36 h67 h54 l42 h81 h73 l86 h67 l91 h46 l77 h6 l12 h47 l12 l0
63
l0 h0
h3 h2 h3 h91
h83 h1 h83
h89 h89
h74 h74
h72 h72
h66 h11 h38 h66
h57 h57 h93
h20 h20
h10 h10
h21 h21
h53 h53
h52 h52
h4 h4
h18 h18
h88 h19 h42 h65 h88 h99
h64 h64 h86
h82 h82
l97 h60 h61
h5 h5
h95 h95
l88 h36
h40 h9 h40
h87 h87
l20 h37
h41 h41
h8 h8
h12 h12
h13 h13
h97 h97
h62 h62
l72 h27
l31 h26 h63
h16 h15 h16
h43 h43
h85 h85
h80 h28 h29 h50 h80
h17 h17
h23 h22 h23 h77
l35 h70
h71 h7 h14 h71
h51 h51
h44 h44
l22 h45
h76 h76
h94 h94
h56 h56
l17 h34 h35
h79 h33 h68 h79
h98 h49 h98
h31 h31 h48 h69 h78
h32 h30 h32
h90 h39 h90
h67 h67
h54 h54 h55 h96
l42 h59
h81 h81
h73 h73
l86 h75
l91 h24 h25 h58 h84
h46 h46
h6 h6
h47 h47 h92
