L0 L33 L0 L53 L84 L110 L64 L7 L144 L65 L189 L98 L149 L7 L59 L120 L181 L135 L121 L75 L14 L48 L49 L50 L163 L125 L29 L97 L18 L74 L164 L165 L10 L81 L168 L196 L102 L101 L127 L192 L63 L27 L78 L146 L78 L35 L54 L41 L141 L138 L137 L68 L30 L3 L153 L142 L171 L142 L25 L86 L177 L77 L191 L119 L107 L106 L107 L132 L151 L130 L139 L94 L88 L155 L92 L178 L41 L176 L42 L31 L185 L31 L46 L159 L0
66
L0 L73 L116
L33 L33
L53 L53
L84 L84 L147
L110 L110
L64 L64
L7 L7 L8
L144 L144
L65 L65
L98 L98
L149 L149 L160
L59 L59
L120 L38
L181 L57 L123
L135 L135
L121 L121
L75 L75
L14 L13 L14 L104
L48 L1 L48
L49 L49
L50 L50
L163 L118 L163
L125 L125
L29 L29
L97 L96 L97
L18 L18 L145
L74 L47 L74 L109
L164 L23 L164 L199
L165 L165
L10 L2 L10
L81 L55 L81
L168 L95 L168
L196 L196
L102 L102
L101 L61 L80
L127 L127
L192 L69 L192
L63 L62 L157
L27 L27
L78 L60
L146 L146
L54 L54
L41 L41
L141 L141
L138 L39 L138
L68 L68
L30 L30 L152
L3 L3
L153 L153
L142 L12 L142 L175
L25 L24 L26
L86 L112
L177 L82 L177
L77 L20 L77
L119 L119 L194
L107 L107 L113
L106 L106
L132 L58 L132
L130 L130 L143
L139 L139
L94 L94
L155 L52 L188
L178 L178
L176 L176
L31 L31
L46 L46 L197
