point0 point50 point64 point67 point111 point101 point102 point107 point102 point108 point148 point144 point162 point163 point175 point177 point175 point172 point168 point185 point168 point189 point183 point181 point142 point139 point135 point132 point121 point84 point78 point76 point83 point77 point86 point93 point92 point95 point87 point89 point39 point40 point38 point41 point31 point34 point36 point42 point32 point17 point2 point12 point10 point11 point1 point15 point20 point18 point14 point21 point22 point3 point22 point21 point0
44
point0 point54 point69
point50 point49 point51 point52 point55 point56
point67 point67 point72 point109
point111 point110 point111 point112 point113 point115
point102 point102
point107 point100 point103
point108 point108
point148 point148 point151
point144 point144 point149 point152 point153 point157
point162 point158 point162
point163 point155 point160 point163
point177 point177
point172 point172
point185 point184 point185 point187
point189 point179
point183 point183
point139 point134 point139 point180
point135 point131 point135
point132 point132 point138
point121 point123 point124 point126
point84 point119
point78 point73 point78
point76 point75 point76 point79 point94
point83 point83 point120 point122
point86 point86
point93 point85
point87 point87
point89 point89 point91
point39 point39 point43
point40 point40
point38 point38
point41 point41
point31 point30 point31 point33
point34 point27 point34
point42 point42
point32 point16 point29
point17 point17
point10 point10
point11 point11
point1 point1
point15 point5 point6 point13 point15
point18 point18
point21 point21
point3 point3
