x182 x119 x45 x127 x14 x77 x20 x147 x72 x147 x93 x74 x121 x141 x43 x135 x175 x110 x184 x146 x95 x101 x100 x21 x76 x133 x55 x104 x74 x93 x50 x10 x139 x71 x112 x144 x120 x64 x155 x171 x177 x142 x126 x15 x127 x79 x105 x11 x182
40
x182 x182
x119 x23 x59 x119 x151
x45 x45 x189
x127 x6 x8 x49 x56 x58 x83 x86 x98 x127 x186
x14 x14 x94
x77 x77
x20 x7 x20 x166
x147 x147
x72 x66 x72 x82 x125
x93 x2 x32 x183
x74 x74 x185
x121 x80 x106 x113 x161
x141 x138 x141
x43 x43
x135 x26
x175 x53
x184 x3 x18 x30 x46 x87 x107 x184
x146 x69 x92 x128 x146
x95 x19 x95 x136
x101 x159
x100 x99 x100 x153
x21 x17 x21 x164 x172
x76 x76 x114 x143
x133 x31 x133
x55 x55
x104 x104
x50 x50
x10 x10
x139 x139 x163
x71 x61 x71
x112 x42 x118
x144 x84 x179 x194
x120 x156
x64 x4 x48 x64 x88 x137
x155 x109 x155 x198
x171 x102 x192
x177 x25 x116 x177
x15 x15
x79 x27 x79
x11 x11
